#
# A fatal error has been detected by the Java Runtime Environment:
#
#  SIGSEGV (0xb) at pc=0x0000772c843cc90a, pid=13626, tid=13715
#
# JRE version: OpenJDK Runtime Environment (21.0.9+8) (build 21.0.9-ea+8-Ubuntu-1)
# Java VM: OpenJDK 64-Bit Server VM (21.0.9-ea+8-Ubuntu-1, mixed mode, sharing, tiered, compressed oops, compressed class ptrs, parallel gc, linux-amd64)
# Problematic frame:
# V  [libjvm.so+0xdcc90a]  ParCompactionManager::follow_marking_stacks()+0x129a
#
# Core dump will be written. Default location: Core dumps may be processed with "/usr/share/apport/apport -p%p -s%s -c%c -d%d -P%P -u%u -g%g -F%F -- %E" (or dumping to /home/la-mus/projet_ferdinant/core.13626)
#
# If you would like to submit a bug report, please visit:
#   https://bugs.launchpad.net/ubuntu/+source/openjdk-21
#

---------------  S U M M A R Y ------------

Command Line: --add-modules=ALL-SYSTEM --add-opens=java.base/java.util=ALL-UNNAMED --add-opens=java.base/java.lang=ALL-UNNAMED --add-opens=java.base/sun.nio.fs=ALL-UNNAMED -Declipse.application=org.eclipse.jdt.ls.core.id1 -Dosgi.bundles.defaultStartLevel=4 -Declipse.product=org.eclipse.jdt.ls.core.product -Djava.import.generatesMetadataFilesAtProjectRoot=false -DDetectVMInstallationsJob.disabled=true -Dfile.encoding=utf8 -XX:+UseParallelGC -XX:GCTimeRatio=4 -XX:AdaptiveSizePolicyWeight=90 -Dsun.zip.disableMemoryMapping=true -Xmx2G -Xms100m -Xlog:disable -javaagent:/home/la-mus/.vscode/extensions/redhat.java-1.48.0/lombok/lombok-1.18.39-4050.jar /home/la-mus/.vscode/extensions/redhat.java-1.48.0/server/plugins/org.eclipse.equinox.launcher_1.7.100.v20251111-0406.jar -configuration /home/la-mus/.config/Code/User/globalStorage/redhat.java/1.48.0/config_ss_linux -data /home/la-mus/.config/Code/User/workspaceStorage/a9ea93428e0f6cd9eb3102bdcc4ff231/redhat.java/ss_ws --pipe=/run/user/1000/lsp-3dc64d8b41b2f9d0644376d979d5bd97.sock

Host: Intel(R) Core(TM) i5-8365U CPU @ 1.60GHz, 8 cores, 14G, Ubuntu 25.10
Time: Wed Nov 19 12:12:37 2025 CAT elapsed time: 2284.814674 seconds (0d 0h 38m 4s)

---------------  T H R E A D  ---------------

Current thread (0x0000772c08006e00):  WorkerThread "GC Thread#7"    [id=13715, stack(0x0000772c19efd000,0x0000772c19ffd000) (1024K)]

Stack: [0x0000772c19efd000,0x0000772c19ffd000],  sp=0x0000772c19ffba80,  free space=1018k
Native frames: (J=compiled Java code, j=interpreted, Vv=VM code, C=native code)
V  [libjvm.so+0xdcc90a]  ParCompactionManager::follow_marking_stacks()+0x129a
V  [libjvm.so+0xdd9c7d]  steal_marking_work(TaskTerminator&, unsigned int)+0x2ad
V  [libjvm.so+0xddc202]  MarkFromRootsTask::work(unsigned int)+0x222
V  [libjvm.so+0x10bac2d]  WorkerThread::run()+0x7d
V  [libjvm.so+0xff9710]  Thread::call_run()+0xb0
V  [libjvm.so+0xd5cd65]  thread_native_entry(Thread*)+0xd5
C  [libc.so.6+0xa3d64]

siginfo: si_signo: 11 (SIGSEGV), si_code: 1 (SEGV_MAPERR), si_addr: 0x0000000000000100

Registers:
RAX=0x0000000000000000, RBX=0x0000772c7c0f3a20, RCX=0x0000772c838edbd0, RDX=0x0000000000000000
RSP=0x0000772c19ffba80, RBP=0x0000772c19ffbba0, RSI=0x000000000018d64f, RDI=0x0000772c1c19c678
R8 =0x00000000b1ac8e38, R9 =0x0000000000000002, R10=0x0000000000000001, R11=0x00000000b1ac8ea4
R12=0x00000000b1ac9fb8, R13=0x0000772c84b3f708, R14=0x0000772c84a7b570, R15=0x0000772c84ba08e0
RIP=0x0000772c843cc90a, EFLAGS=0x0000000000010246, CSGSFS=0x002b000000000033, ERR=0x0000000000000004
  TRAPNO=0x000000000000000e

XMM[0]=0x0000000000000000 0x0000000000000000
XMM[1]=0x0000000000000000 0x0000772c6bd37cc6
XMM[2]=0x0000000000000000 0x0000772c19ffa8a0
XMM[3]=0x0000772c19ffa8a0 0x0000772c84a70b40
XMM[4]=0x0000000000000000 0x0000772c6bd3ee80
XMM[5]=0xd416f7a8d416f840 0xd416f8d0d416f968
XMM[6]=0xd416fc60d416fd00 0xd416fda0d416fe40
XMM[7]=0xd4170160d4170200 0xd41702a0d4170340
XMM[8]=0xd4170660d4170700 0xd41707a0d4170840
XMM[9]=0x0000000000000000 0x000000003c753e82
XMM[10]=0x0000000000000000 0x000000003cc7f4dc
XMM[11]=0x9999999999999999 0x9999999999999999
XMM[12]=0x2020202020202020 0x2020202020202020
XMM[13]=0x0000000000ff00fb 0x0000000000fe00fa
XMM[14]=0x0000000000000000 0x0000000000000000
XMM[15]=0x0000000000000000 0x0000000000000000
  MXCSR=0x00001fa2


Register to memory mapping:

RAX=0x0 is null
RBX=0x0000772c7c0f3a20 points into unknown readable memory: 0x0000000000000000 | 00 00 00 00 00 00 00 00
RCX=0x0000772c838edbd0: <offset 0x00000000002edbd0> in /usr/lib/jvm/java-21-openjdk-amd64/lib/server/libjvm.so at 0x0000772c83600000
RDX=0x0 is null
RSP=0x0000772c19ffba80 points into unknown readable memory: 0x0000772c19ffbbb0 | b0 bb ff 19 2c 77 00 00
RBP=0x0000772c19ffbba0 points into unknown readable memory: 0x0000772c19ffbcc0 | c0 bc ff 19 2c 77 00 00
RSI=0x000000000018d64f is an unknown value
RDI=0x0000772c1c19c678 is pointing into metadata
R8 =0x00000000b1ac8e38 is pointing into object: [Lorg.eclipse.core.internal.dtree.AbstractDataTreeNode; 
{0x00000000b1ac88d0} - klass: 'org/eclipse/core/internal/dtree/AbstractDataTreeNode'[]
 - length: 369
R9 =0x0000000000000002 is an unknown value
R10=0x0000000000000001 is an unknown value
R11=0x00000000b1ac8ea4 is pointing into object: [Lorg.eclipse.core.internal.dtree.AbstractDataTreeNode; 
{0x00000000b1ac88d0} - klass: 'org/eclipse/core/internal/dtree/AbstractDataTreeNode'[]
 - length: 369
R12=
[error occurred during error reporting (printing register info), id 0xb, SIGSEGV (0xb) at pc=0x0000772c843867db]
R13=0x0000772c84b3f708: <offset 0x000000000153f708> in /usr/lib/jvm/java-21-openjdk-amd64/lib/server/libjvm.so at 0x0000772c83600000
R14=0x0000772c84a7b570: <offset 0x000000000147b570> in /usr/lib/jvm/java-21-openjdk-amd64/lib/server/libjvm.so at 0x0000772c83600000
R15=0x0000772c84ba08e0: <offset 0x00000000015a08e0> in /usr/lib/jvm/java-21-openjdk-amd64/lib/server/libjvm.so at 0x0000772c83600000

Top of Stack: (sp=0x0000772c19ffba80)
0x0000772c19ffba80:   0000772c19ffbbb0 0000772c7c0f3b28
0x0000772c19ffba90:   00000000b1ac8e34 0000772c808e54f0
0x0000772c19ffbaa0:   00000000b1ac8e34 0000000000000005
0x0000772c19ffbab0:   00000000b1ac8ea4 0000772c19ffbb50
0x0000772c19ffbac0:   0000772c19ffbb10 0000772c84368a2f
0x0000772c19ffbad0:   0000000000001302 00000000000f4240
0x0000772c19ffbae0:   00000000a80aac20 0000000000001800
0x0000772c19ffbaf0:   0000000000001303 0000000038596abd
0x0000772c19ffbb00:   0000000000000000 0000772c808e54e8
0x0000772c19ffbb10:   0000772c19ffbb40 0000772c8430c15d
0x0000772c19ffbb20:   00000000b27eccf0 0000000000000800
0x0000772c19ffbb30:   0000772c808e53d8 0000772c1c198330
0x0000772c19ffbb40:   00000000b5d0fbb8 0000772c19ffbc70
0x0000772c19ffbb50:   0000772c84a7b570 0000772c7c050430
0x0000772c19ffbb60:   0000000000000004 0000772c7c0f3a20
0x0000772c19ffbb70:   0000772c00000004 0000772c84ba08e0
0x0000772c19ffbb80:   00000000b5d0fbb8 0000000000000005
0x0000772c19ffbb90:   0000772c84b3f708 0000772c7c050a90
0x0000772c19ffbba0:   0000772c19ffbcc0 0000772c843d9c7d
0x0000772c19ffbbb0:   0000772c19ffbc60 0000772c843db143
0x0000772c19ffbbc0:   0000772bf0083d90 0000772bf0083da0
0x0000772c19ffbbd0:   0000772c808e53d8 0000000000000000
0x0000772c19ffbbe0:   0000772c19ffbc60 0000772b94030250
0x0000772c19ffbbf0:   00000005f0083da0 0000772c7c0f3a20
0x0000772c19ffbc00:   0000772c00000005 0000000000000028
0x0000772c19ffbc10:   0000772c84a742c8 0000772c19ffbc00
0x0000772c19ffbc20:   0000000000000100 0000000017a18d7f
0x0000772c19ffbc30:   00000000a80aac20 0000000000003800
0x0000772c19ffbc40:   0000772c19ffbd60 0000000000001096
0x0000772c19ffbc50:   0000772ba4001628 00000000b5d0fbb8
0x0000772c19ffbc60:   0000000000000000 0000772c00000000
0x0000772c19ffbc70:   0000772c84a7b570 0000772c7c050430 

Instructions: (pc=0x0000772c843cc90a)
0x0000772c843cc80a:   50 03 00 00 8b 8b d0 03 00 00 bf 00 08 00 00 89
0x0000772c843cc81a:   c2 29 ca 81 e2 ff 1f 00 00 81 fa fd 1f 00 00 0f
0x0000772c843cc82a:   86 91 03 00 00 48 8b 83 70 05 00 00 4d 89 d0 49
0x0000772c843cc83a:   89 f9 48 3b 83 58 05 00 00 0f 84 17 07 00 00 48
0x0000772c843cc84a:   89 c2 48 83 c0 01 48 c1 e2 04 48 03 93 88 05 00
0x0000772c843cc85a:   00 4c 89 8d 78 ff ff ff 4c 89 85 70 ff ff ff 4c
0x0000772c843cc86a:   89 02 8b 8d 78 ff ff ff 89 4a 08 48 89 83 70 05
0x0000772c843cc87a:   00 00 e9 a2 f5 ff ff 0f 1f 80 00 00 00 00 49 8b
0x0000772c843cc88a:   7b 08 8b 4f 08 85 c9 0f 8f 64 fc ff ff 74 0f b8
0x0000772c843cc89a:   10 00 00 00 e9 b0 00 00 00 0f 1f 44 00 00 48 8b
0x0000772c843cc8aa:   07 48 8d 0d 1e 13 52 ff 48 8b 80 00 01 00 00 48
0x0000772c843cc8ba:   39 c8 0f 84 5e fc ff ff 4c 89 95 f0 fe ff ff 4c
0x0000772c843cc8ca:   89 de 4c 89 85 00 ff ff ff 4c 89 9d 10 ff ff ff
0x0000772c843cc8da:   ff d0 4c 8b 95 f0 fe ff ff 4c 8b 85 00 ff ff ff
0x0000772c843cc8ea:   4c 8b 9d 10 ff ff ff 48 89 c2 e9 27 fc ff ff 0f
0x0000772c843cc8fa:   1f 80 00 00 00 00 48 8b 07 48 8d 0d c6 12 52 ff
0x0000772c843cc90a:   48 8b 80 00 01 00 00 48 39 c8 0f 84 35 f2 ff ff
0x0000772c843cc91a:   4c 89 85 00 ff ff ff 4c 89 e6 4c 89 9d 10 ff ff
0x0000772c843cc92a:   ff ff d0 4c 8b 85 00 ff ff ff 4c 8b 9d 10 ff ff
0x0000772c843cc93a:   ff 48 89 c2 e9 0c f2 ff ff 0f 1f 44 00 00 0f 84
0x0000772c843cc94a:   5a ff ff ff b8 0c 00 00 00 48 8d 15 52 20 77 00
0x0000772c843cc95a:   8b 32 49 63 14 03 48 d3 e2 c1 f9 10 0f b6 c1 8d
0x0000772c843cc96a:   4e ff f7 de 48 63 c9 48 01 c8 48 01 c2 48 63 c6
0x0000772c843cc97a:   48 21 c2 48 c1 ea 03 e9 9a fb ff ff 66 2e 0f 1f
0x0000772c843cc98a:   84 00 00 00 00 00 be 18 00 00 00 b8 10 00 00 00
0x0000772c843cc99a:   e9 93 fa ff ff 90 be 18 00 00 00 b8 10 00 00 00
0x0000772c843cc9aa:   e9 37 f7 ff ff 90 48 8b 83 88 01 00 00 89 ca 4c
0x0000772c843cc9ba:   89 04 d0 8d 41 01 25 ff ff 01 00 89 83 88 00 00
0x0000772c843cc9ca:   00 e9 07 f6 ff ff 49 8b 40 08 e9 93 f5 ff ff 0f
0x0000772c843cc9da:   1f 80 00 00 00 00 49 8b 7b 08 8b 4f 08 85 c9 0f
0x0000772c843cc9ea:   8f dd f7 ff ff 74 0f ba 10 00 00 00 eb 57 0f 1f
0x0000772c843cc9fa:   84 00 00 00 00 00 48 8b 07 48 8d 0d c6 11 52 ff 


Stack slot to memory mapping:

stack at sp + 0 slots: 0x0000772c19ffbbb0 points into unknown readable memory: 0x0000772c19ffbc60 | 60 bc ff 19 2c 77 00 00
stack at sp + 1 slots: 0x0000772c7c0f3b28 points into unknown readable memory: 0x001969f500005374 | 74 53 00 00 f5 69 19 00
stack at sp + 2 slots: 0x00000000b1ac8e34 is pointing into object: [Lorg.eclipse.core.internal.dtree.AbstractDataTreeNode; 
{0x00000000b1ac88d0} - klass: 'org/eclipse/core/internal/dtree/AbstractDataTreeNode'[]
 - length: 369
stack at sp + 3 slots: 0x0000772c808e54f0 points into unknown readable memory: 0x0000000000000000 | 00 00 00 00 00 00 00 00
stack at sp + 4 slots: 0x00000000b1ac8e34 is pointing into object: [Lorg.eclipse.core.internal.dtree.AbstractDataTreeNode; 
{0x00000000b1ac88d0} - klass: 'org/eclipse/core/internal/dtree/AbstractDataTreeNode'[]
 - length: 369
stack at sp + 5 slots: 0x0000000000000005 is an unknown value
stack at sp + 6 slots: 0x00000000b1ac8ea4 is pointing into object: [Lorg.eclipse.core.internal.dtree.AbstractDataTreeNode; 
{0x00000000b1ac88d0} - klass: 'org/eclipse/core/internal/dtree/AbstractDataTreeNode'[]
 - length: 369
stack at sp + 7 slots: 0x0000772c19ffbb50 points into unknown readable memory: 0x0000772c84a7b570 | 70 b5 a7 84 2c 77 00 00


---------------  P R O C E S S  ---------------

Threads class SMR info:
_java_thread_list=0x0000772ba4000f60, length=21, elements={
0x0000772c7c0182f0, 0x0000772c7c16c170, 0x0000772c7c16d6b0, 0x0000772c7c16ee10,
0x0000772c7c170420, 0x0000772c7c171990, 0x0000772c7c1734a0, 0x0000772c7c174b30,
0x0000772c7c1d4010, 0x0000772c7c25d5b0, 0x0000772c7c4270f0, 0x0000772c7c443900,
0x0000772c7c46a5b0, 0x0000772c7c6c4700, 0x0000772bb0079590, 0x0000772bb03912c0,
0x0000772bb039e9a0, 0x0000772c7c1d0500, 0x0000772c7c72e190, 0x0000772c7c72f310,
0x0000772b94030250
}

Java Threads: ( => current thread )
  0x0000772c7c0182f0 JavaThread "main"                              [_thread_blocked, id=13627, stack(0x0000772c83100000,0x0000772c83200000) (1024K)]
  0x0000772c7c16c170 JavaThread "Reference Handler"          daemon [_thread_blocked, id=13631, stack(0x0000772c8046e000,0x0000772c8056e000) (1024K)]
  0x0000772c7c16d6b0 JavaThread "Finalizer"                  daemon [_thread_blocked, id=13632, stack(0x0000772c8036e000,0x0000772c8046e000) (1024K)]
  0x0000772c7c16ee10 JavaThread "Signal Dispatcher"          daemon [_thread_blocked, id=13633, stack(0x0000772c8026e000,0x0000772c8036e000) (1024K)]
  0x0000772c7c170420 JavaThread "Service Thread"             daemon [_thread_blocked, id=13634, stack(0x0000772c8016e000,0x0000772c8026e000) (1024K)]
  0x0000772c7c171990 JavaThread "Monitor Deflation Thread"   daemon [_thread_blocked, id=13635, stack(0x0000772c8006e000,0x0000772c8016e000) (1024K)]
  0x0000772c7c1734a0 JavaThread "C2 CompilerThread0"         daemon [_thread_blocked, id=13636, stack(0x0000772c7bf00000,0x0000772c7c000000) (1024K)]
  0x0000772c7c174b30 JavaThread "C1 CompilerThread0"         daemon [_thread_blocked, id=13637, stack(0x0000772c64700000,0x0000772c64800000) (1024K)]
  0x0000772c7c1d4010 JavaThread "Common-Cleaner"             daemon [_thread_blocked, id=13638, stack(0x0000772c6452f000,0x0000772c6462f000) (1024K)]
  0x0000772c7c25d5b0 JavaThread "Notification Thread"        daemon [_thread_blocked, id=13650, stack(0x0000772c6442f000,0x0000772c6452f000) (1024K)]
  0x0000772c7c4270f0 JavaThread "Active Thread: Equinox Container: 8fc4dfd3-0a0f-4389-9b9e-2564cac3de7a"        [_thread_blocked, id=13671, stack(0x0000772c1a900000,0x0000772c1aa00000) (1024K)]
  0x0000772c7c443900 JavaThread "Framework Event Dispatcher: Equinox Container: 8fc4dfd3-0a0f-4389-9b9e-2564cac3de7a" daemon [_thread_blocked, id=13672, stack(0x0000772c1a800000,0x0000772c1a900000) (1024K)]
  0x0000772c7c46a5b0 JavaThread "Start Level: Equinox Container: 8fc4dfd3-0a0f-4389-9b9e-2564cac3de7a" daemon [_thread_blocked, id=13673, stack(0x0000772c1a700000,0x0000772c1a800000) (1024K)]
  0x0000772c7c6c4700 JavaThread "Refresh Thread: Equinox Container: 8fc4dfd3-0a0f-4389-9b9e-2564cac3de7a" daemon [_thread_blocked, id=13695, stack(0x0000772c6432f000,0x0000772c6442f000) (1024K)]
  0x0000772bb0079590 JavaThread "SCR Component Actor"        daemon [_thread_blocked, id=13698, stack(0x0000772c1a2ff000,0x0000772c1a3ff000) (1024K)]
  0x0000772bb03912c0 JavaThread "Worker-0"                          [_thread_blocked, id=13717, stack(0x0000772c19dfc000,0x0000772c19efc000) (1024K)]
  0x0000772bb039e9a0 JavaThread "Worker-1: Compacting resource model"        [_thread_blocked, id=13718, stack(0x0000772c19cfc000,0x0000772c19dfc000) (1024K)]
  0x0000772c7c1d0500 JavaThread "pool-2-thread-1"                   [_thread_blocked, id=13733, stack(0x0000772c19bfc000,0x0000772c19cfc000) (1024K)]
  0x0000772c7c72e190 JavaThread "WorkspaceEventsHandler"            [_thread_blocked, id=13735, stack(0x0000772c19afc000,0x0000772c19bfc000) (1024K)]
  0x0000772c7c72f310 JavaThread "pool-1-thread-1"                   [_thread_blocked, id=13736, stack(0x0000772c199fc000,0x0000772c19afc000) (1024K)]
  0x0000772b94030250 JavaThread "Worker-2: Flushing content description cache."        [_thread_blocked, id=15991, stack(0x0000772c1a3ff000,0x0000772c1a4ff000) (1024K)]
Total: 21

Other Threads:
  0x0000772c7c159d40 VMThread "VM Thread"                           [id=13630, stack(0x0000772c807e7000,0x0000772c808e7000) (1024K)]
  0x0000772c7c040160 WatcherThread "VM Periodic Task Thread"        [id=13629, stack(0x0000772c82100000,0x0000772c82200000) (1024K)]
  0x0000772c7c0311a0 WorkerThread "GC Thread#0"                     [id=13628, stack(0x0000772c82a29000,0x0000772c82b29000) (1024K)]
  0x0000772c08000f30 WorkerThread "GC Thread#1"                     [id=13662, stack(0x0000772c6422f000,0x0000772c6432f000) (1024K)]
  0x0000772c08002f50 WorkerThread "GC Thread#2"                     [id=13663, stack(0x0000772c6412e000,0x0000772c6422e000) (1024K)]
  0x0000772c080039f0 WorkerThread "GC Thread#3"                     [id=13664, stack(0x0000772c6402d000,0x0000772c6412d000) (1024K)]
  0x0000772c08004710 WorkerThread "GC Thread#4"                     [id=13674, stack(0x0000772c1a600000,0x0000772c1a700000) (1024K)]
  0x0000772c080050a0 WorkerThread "GC Thread#5"                     [id=13713, stack(0x0000772c1a0ff000,0x0000772c1a1ff000) (1024K)]
  0x0000772c08006310 WorkerThread "GC Thread#6"                     [id=13714, stack(0x0000772c19ffe000,0x0000772c1a0fe000) (1024K)]
=>0x0000772c08006e00 WorkerThread "GC Thread#7"                     [id=13715, stack(0x0000772c19efd000,0x0000772c19ffd000) (1024K)]
Total: 10

Threads with active compile tasks:
Total: 0

VM state: at safepoint (normal execution)

VM Mutex/Monitor currently owned by a thread:  ([mutex/lock_event])
[0x0000772c84b9b078] Threads_lock - owner thread: 0x0000772c7c159d40
[0x0000772c84b9af78] Heap_lock - owner thread: 0x0000772b94030250

OutOfMemory and StackOverflow Exception counts:
OutOfMemoryError java_heap_errors=3
LinkageErrors=72

Heap address: 0x0000000080000000, size: 2048 MB, Compressed Oops mode: 32-bit

CDS archive(s) mapped at: [0x0000772c1b000000-0x0000772c1bca0000-0x0000772c1bca0000), size 13238272, SharedBaseAddress: 0x0000772c1b000000, ArchiveRelocationMode: 1.
Compressed class space mapped at: 0x0000772c1c000000-0x0000772c5c000000, reserved size: 1073741824
Narrow klass base: 0x0000772c1b000000, Narrow klass shift: 0, Narrow klass range: 0x100000000

GC Precious Log:
 CardTable entry size: 512
 CPUs: 8 total, 8 available
 Memory: 15286M
 Large Page Support: Disabled
 NUMA Support: Disabled
 Compressed Oops: Enabled (32-bit)
 Alignments: Space 512K, Generation 512K, Heap 2M
 Heap Min Capacity: 100M
 Heap Initial Capacity: 100M
 Heap Max Capacity: 2G
 Pre-touch: Disabled
 Parallel Workers: 8

Heap:
 PSYoungGen      total 296960K, used 217088K [0x00000000d5580000, 0x00000000ed100000, 0x0000000100000000)
  eden space 217088K, 100% used [0x00000000d5580000,0x00000000e2980000,0x00000000e2980000)
  from space 79872K, 0% used [0x00000000e7a00000,0x00000000e7a00000,0x00000000ec800000)
  to   space 82432K, 0% used [0x00000000e2980000,0x00000000e2980000,0x00000000e7a00000)
 ParOldGen       total 1398272K, used 1398198K [0x0000000080000000, 0x00000000d5580000, 0x00000000d5580000)
  object space 1398272K, 99% used [0x0000000080000000,0x00000000d556d8e8,0x00000000d5580000)
 Metaspace       used 31822K, committed 32704K, reserved 1114112K
  class space    used 3054K, committed 3456K, reserved 1048576K

Card table byte_map: [0x0000772c82b29000,0x0000772c82f2a000] _byte_map_base: 0x0000772c82729000

Marking Bits: (ParMarkBitMap*) 0x0000772c84ba1300
 Begin Bits: [0x0000772c5c000000, 0x0000772c5e000000)
 End Bits:   [0x0000772c5e000000, 0x0000772c60000000)

Polling page: 0x0000772c84eac000

Metaspace:

Usage:
  Non-class:     28,09 MB used.
      Class:      2,98 MB used.
       Both:     31,08 MB used.

Virtual space:
  Non-class space:       64,00 MB reserved,      28,56 MB ( 45%) committed,  1 nodes.
      Class space:        1,00 GB reserved,       3,38 MB ( <1%) committed,  1 nodes.
             Both:        1,06 GB reserved,      31,94 MB (  3%) committed. 

Chunk freelists:
   Non-Class:  3,57 MB
       Class:  12,75 MB
        Both:  16,32 MB

MaxMetaspaceSize: unlimited
CompressedClassSpaceSize: 1,00 GB
Initial GC threshold: 21,00 MB
Current GC threshold: 53,25 MB
CDS: on
 - commit_granule_bytes: 65536.
 - commit_granule_words: 8192.
 - virtual_space_node_default_size: 8388608.
 - enlarge_chunks_in_place: 1.
 - use_allocation_guard: 0.


Internal statistics:

num_allocs_failed_limit: 3.
num_arena_births: 580.
num_arena_deaths: 218.
num_vsnodes_births: 2.
num_vsnodes_deaths: 0.
num_space_committed: 511.
num_space_uncommitted: 0.
num_chunks_returned_to_freelist: 249.
num_chunks_taken_from_freelist: 1816.
num_chunk_merges: 56.
num_chunk_splits: 1149.
num_chunks_enlarged: 755.
num_inconsistent_stats: 0.

CodeHeap 'non-profiled nmethods': size=120028Kb used=870Kb max_used=3621Kb free=119157Kb
 bounds [0x0000772c6c2c9000, 0x0000772c6c659000, 0x0000772c73800000]
CodeHeap 'profiled nmethods': size=120028Kb used=1194Kb max_used=10094Kb free=118833Kb
 bounds [0x0000772c64800000, 0x0000772c651e0000, 0x0000772c6bd37000]
CodeHeap 'non-nmethods': size=5704Kb used=1324Kb max_used=1394Kb free=4379Kb
 bounds [0x0000772c6bd37000, 0x0000772c6bfa7000, 0x0000772c6c2c9000]
CodeCache: size=245760Kb, used=3388Kb, max_used=15109Kb, free=242369Kb
 total_blobs=1682, nmethods=1059, adapters=530, full_count=0
Compilation: enabled, stopped_count=0, restarted_count=0

Compilation events (20 events):
Event: 2115,774 Thread 0x0000772c7c174b30 5481       3       java.util.concurrent.locks.ReentrantLock::lockInterruptibly (8 bytes)
Event: 2115,774 Thread 0x0000772c7c174b30 nmethod 5481 0x0000772c64985e90 code [0x0000772c649860a0, 0x0000772c64986688]
Event: 2115,774 Thread 0x0000772c7c174b30 5482       3       java.util.concurrent.locks.ReentrantLock$Sync::lockInterruptibly (27 bytes)
Event: 2115,775 Thread 0x0000772c7c174b30 nmethod 5482 0x0000772c64a7a290 code [0x0000772c64a7a4a0, 0x0000772c64a7aa20]
Event: 2128,048 Thread 0x0000772c7c174b30 5484   !   3       java.util.concurrent.ScheduledThreadPoolExecutor$DelayedWorkQueue::take (203 bytes)
Event: 2128,050 Thread 0x0000772c7c174b30 nmethod 5484 0x0000772c64a08d90 code [0x0000772c64a09160, 0x0000772c64a0aa20]
Event: 2128,050 Thread 0x0000772c7c174b30 5483       3       java.util.concurrent.ScheduledThreadPoolExecutor$DelayedWorkQueue::take (5 bytes)
Event: 2128,051 Thread 0x0000772c7c174b30 nmethod 5483 0x0000772c64985a90 code [0x0000772c64985c40, 0x0000772c64985d90]
Event: 2137,036 Thread 0x0000772c7c174b30 5485       3       java.util.concurrent.ScheduledThreadPoolExecutor::triggerTime (22 bytes)
Event: 2137,036 Thread 0x0000772c7c174b30 nmethod 5485 0x0000772c64a79e10 code [0x0000772c64a79fc0, 0x0000772c64a7a198]
Event: 2137,036 Thread 0x0000772c7c174b30 5486       3       java.util.concurrent.ScheduledThreadPoolExecutor$DelayedWorkQueue::add (9 bytes)
Event: 2137,036 Thread 0x0000772c7c174b30 nmethod 5486 0x0000772c6498ac90 code [0x0000772c6498ae40, 0x0000772c6498b108]
Event: 2137,036 Thread 0x0000772c7c174b30 5487       3       java.util.concurrent.ScheduledThreadPoolExecutor$DelayedWorkQueue::add (6 bytes)
Event: 2137,036 Thread 0x0000772c7c174b30 nmethod 5487 0x0000772c64ae7a10 code [0x0000772c64ae7bc0, 0x0000772c64ae7d10]
Event: 2169,543 Thread 0x0000772c7c174b30 5488       3       java.util.concurrent.ScheduledThreadPoolExecutor$ScheduledFutureTask::run (57 bytes)
Event: 2169,544 Thread 0x0000772c7c174b30 nmethod 5488 0x0000772c6498a390 code [0x0000772c6498a5c0, 0x0000772c6498ab20]
Event: 2279,617 Thread 0x0000772c7c174b30 5490       1       org.eclipse.core.internal.jobs.InternalJob::setNext (6 bytes)
Event: 2279,617 Thread 0x0000772c7c174b30 nmethod 5490 0x0000772c6c43c090 code [0x0000772c6c43c220, 0x0000772c6c43c2f8]
Event: 2279,617 Thread 0x0000772c7c174b30 5489       1       java.util.stream.FindOps$FindOp::getOpFlags (5 bytes)
Event: 2279,617 Thread 0x0000772c7c174b30 nmethod 5489 0x0000772c6c40f890 code [0x0000772c6c40fa20, 0x0000772c6c40fae0]

GC Heap History (20 events):
Event: 2256,139 GC heap after
{Heap after GC invocations=3660 (full 566):
 PSYoungGen      total 299520K, used 215234K [0x00000000d5580000, 0x00000000ed100000, 0x0000000100000000)
  eden space 217088K, 99% used [0x00000000d5580000,0x00000000e27b0af0,0x00000000e2980000)
  from space 82432K, 0% used [0x00000000e2980000,0x00000000e2980000,0x00000000e7a00000)
  to   space 79872K, 0% used [0x00000000e7a00000,0x00000000e7a00000,0x00000000ec800000)
 ParOldGen       total 1398272K, used 1398198K [0x0000000080000000, 0x00000000d5580000, 0x00000000d5580000)
  object space 1398272K, 99% used [0x0000000080000000,0x00000000d556d970,0x00000000d5580000)
 Metaspace       used 31822K, committed 32704K, reserved 1114112K
  class space    used 3054K, committed 3456K, reserved 1048576K
}
Event: 2256,142 GC heap before
{Heap before GC invocations=3661 (full 567):
 PSYoungGen      total 299520K, used 217088K [0x00000000d5580000, 0x00000000ed100000, 0x0000000100000000)
  eden space 217088K, 100% used [0x00000000d5580000,0x00000000e2980000,0x00000000e2980000)
  from space 82432K, 0% used [0x00000000e2980000,0x00000000e2980000,0x00000000e7a00000)
  to   space 79872K, 0% used [0x00000000e7a00000,0x00000000e7a00000,0x00000000ec800000)
 ParOldGen       total 1398272K, used 1398198K [0x0000000080000000, 0x00000000d5580000, 0x00000000d5580000)
  object space 1398272K, 99% used [0x0000000080000000,0x00000000d556d970,0x00000000d5580000)
 Metaspace       used 31822K, committed 32704K, reserved 1114112K
  class space    used 3054K, committed 3456K, reserved 1048576K
}
Event: 2259,556 GC heap after
{Heap after GC invocations=3661 (full 567):
 PSYoungGen      total 296960K, used 215258K [0x00000000d5580000, 0x00000000ed100000, 0x0000000100000000)
  eden space 217088K, 99% used [0x00000000d5580000,0x00000000e27b6960,0x00000000e2980000)
  from space 79872K, 0% used [0x00000000e7a00000,0x00000000e7a00000,0x00000000ec800000)
  to   space 82432K, 0% used [0x00000000e2980000,0x00000000e2980000,0x00000000e7a00000)
 ParOldGen       total 1398272K, used 1398198K [0x0000000080000000, 0x00000000d5580000, 0x00000000d5580000)
  object space 1398272K, 99% used [0x0000000080000000,0x00000000d556d970,0x00000000d5580000)
 Metaspace       used 31822K, committed 32704K, reserved 1114112K
  class space    used 3054K, committed 3456K, reserved 1048576K
}
Event: 2259,575 GC heap before
{Heap before GC invocations=3662 (full 568):
 PSYoungGen      total 296960K, used 217088K [0x00000000d5580000, 0x00000000ed100000, 0x0000000100000000)
  eden space 217088K, 100% used [0x00000000d5580000,0x00000000e2980000,0x00000000e2980000)
  from space 79872K, 0% used [0x00000000e7a00000,0x00000000e7a00000,0x00000000ec800000)
  to   space 82432K, 0% used [0x00000000e2980000,0x00000000e2980000,0x00000000e7a00000)
 ParOldGen       total 1398272K, used 1398198K [0x0000000080000000, 0x00000000d5580000, 0x00000000d5580000)
  object space 1398272K, 99% used [0x0000000080000000,0x00000000d556d970,0x00000000d5580000)
 Metaspace       used 31822K, committed 32704K, reserved 1114112K
  class space    used 3054K, committed 3456K, reserved 1048576K
}
Event: 2262,767 GC heap after
{Heap after GC invocations=3662 (full 568):
 PSYoungGen      total 299520K, used 215279K [0x00000000d5580000, 0x00000000ed100000, 0x0000000100000000)
  eden space 217088K, 99% used [0x00000000d5580000,0x00000000e27bbe40,0x00000000e2980000)
  from space 82432K, 0% used [0x00000000e2980000,0x00000000e2980000,0x00000000e7a00000)
  to   space 79872K, 0% used [0x00000000e7a00000,0x00000000e7a00000,0x00000000ec800000)
 ParOldGen       total 1398272K, used 1398198K [0x0000000080000000, 0x00000000d5580000, 0x00000000d5580000)
  object space 1398272K, 99% used [0x0000000080000000,0x00000000d556d970,0x00000000d5580000)
 Metaspace       used 31822K, committed 32704K, reserved 1114112K
  class space    used 3054K, committed 3456K, reserved 1048576K
}
Event: 2262,772 GC heap before
{Heap before GC invocations=3663 (full 569):
 PSYoungGen      total 299520K, used 217080K [0x00000000d5580000, 0x00000000ed100000, 0x0000000100000000)
  eden space 217088K, 99% used [0x00000000d5580000,0x00000000e297e300,0x00000000e2980000)
  from space 82432K, 0% used [0x00000000e2980000,0x00000000e2980000,0x00000000e7a00000)
  to   space 79872K, 0% used [0x00000000e7a00000,0x00000000e7a00000,0x00000000ec800000)
 ParOldGen       total 1398272K, used 1398198K [0x0000000080000000, 0x00000000d5580000, 0x00000000d5580000)
  object space 1398272K, 99% used [0x0000000080000000,0x00000000d556d970,0x00000000d5580000)
 Metaspace       used 31822K, committed 32704K, reserved 1114112K
  class space    used 3054K, committed 3456K, reserved 1048576K
}
Event: 2264,934 GC heap after
{Heap after GC invocations=3663 (full 569):
 PSYoungGen      total 296960K, used 215301K [0x00000000d5580000, 0x00000000ed100000, 0x0000000100000000)
  eden space 217088K, 99% used [0x00000000d5580000,0x00000000e27c14b0,0x00000000e2980000)
  from space 79872K, 0% used [0x00000000e7a00000,0x00000000e7a00000,0x00000000ec800000)
  to   space 82432K, 0% used [0x00000000e2980000,0x00000000e2980000,0x00000000e7a00000)
 ParOldGen       total 1398272K, used 1398198K [0x0000000080000000, 0x00000000d5580000, 0x00000000d5580000)
  object space 1398272K, 99% used [0x0000000080000000,0x00000000d556d970,0x00000000d5580000)
 Metaspace       used 31822K, committed 32704K, reserved 1114112K
  class space    used 3054K, committed 3456K, reserved 1048576K
}
Event: 2264,936 GC heap before
{Heap before GC invocations=3664 (full 570):
 PSYoungGen      total 296960K, used 217088K [0x00000000d5580000, 0x00000000ed100000, 0x0000000100000000)
  eden space 217088K, 100% used [0x00000000d5580000,0x00000000e2980000,0x00000000e2980000)
  from space 79872K, 0% used [0x00000000e7a00000,0x00000000e7a00000,0x00000000ec800000)
  to   space 82432K, 0% used [0x00000000e2980000,0x00000000e2980000,0x00000000e7a00000)
 ParOldGen       total 1398272K, used 1398198K [0x0000000080000000, 0x00000000d5580000, 0x00000000d5580000)
  object space 1398272K, 99% used [0x0000000080000000,0x00000000d556d970,0x00000000d5580000)
 Metaspace       used 31822K, committed 32704K, reserved 1114112K
  class space    used 3054K, committed 3456K, reserved 1048576K
}
Event: 2267,007 GC heap after
{Heap after GC invocations=3664 (full 570):
 PSYoungGen      total 299520K, used 215320K [0x00000000d5580000, 0x00000000ed100000, 0x0000000100000000)
  eden space 217088K, 99% used [0x00000000d5580000,0x00000000e27c6310,0x00000000e2980000)
  from space 82432K, 0% used [0x00000000e2980000,0x00000000e2980000,0x00000000e7a00000)
  to   space 79872K, 0% used [0x00000000e7a00000,0x00000000e7a00000,0x00000000ec800000)
 ParOldGen       total 1398272K, used 1398198K [0x0000000080000000, 0x00000000d5580000, 0x00000000d5580000)
  object space 1398272K, 99% used [0x0000000080000000,0x00000000d556d970,0x00000000d5580000)
 Metaspace       used 31822K, committed 32704K, reserved 1114112K
  class space    used 3054K, committed 3456K, reserved 1048576K
}
Event: 2267,013 GC heap before
{Heap before GC invocations=3665 (full 571):
 PSYoungGen      total 299520K, used 217088K [0x00000000d5580000, 0x00000000ed100000, 0x0000000100000000)
  eden space 217088K, 100% used [0x00000000d5580000,0x00000000e2980000,0x00000000e2980000)
  from space 82432K, 0% used [0x00000000e2980000,0x00000000e2980000,0x00000000e7a00000)
  to   space 79872K, 0% used [0x00000000e7a00000,0x00000000e7a00000,0x00000000ec800000)
 ParOldGen       total 1398272K, used 1398198K [0x0000000080000000, 0x00000000d5580000, 0x00000000d5580000)
  object space 1398272K, 99% used [0x0000000080000000,0x00000000d556d970,0x00000000d5580000)
 Metaspace       used 31822K, committed 32704K, reserved 1114112K
  class space    used 3054K, committed 3456K, reserved 1048576K
}
Event: 2270,194 GC heap after
{Heap after GC invocations=3665 (full 571):
 PSYoungGen      total 296960K, used 215339K [0x00000000d5580000, 0x00000000ed100000, 0x0000000100000000)
  eden space 217088K, 99% used [0x00000000d5580000,0x00000000e27cae30,0x00000000e2980000)
  from space 79872K, 0% used [0x00000000e7a00000,0x00000000e7a00000,0x00000000ec800000)
  to   space 82432K, 0% used [0x00000000e2980000,0x00000000e2980000,0x00000000e7a00000)
 ParOldGen       total 1398272K, used 1398198K [0x0000000080000000, 0x00000000d5580000, 0x00000000d5580000)
  object space 1398272K, 99% used [0x0000000080000000,0x00000000d556d970,0x00000000d5580000)
 Metaspace       used 31822K, committed 32704K, reserved 1114112K
  class space    used 3054K, committed 3456K, reserved 1048576K
}
Event: 2270,198 GC heap before
{Heap before GC invocations=3666 (full 572):
 PSYoungGen      total 296960K, used 217088K [0x00000000d5580000, 0x00000000ed100000, 0x0000000100000000)
  eden space 217088K, 100% used [0x00000000d5580000,0x00000000e2980000,0x00000000e2980000)
  from space 79872K, 0% used [0x00000000e7a00000,0x00000000e7a00000,0x00000000ec800000)
  to   space 82432K, 0% used [0x00000000e2980000,0x00000000e2980000,0x00000000e7a00000)
 ParOldGen       total 1398272K, used 1398198K [0x0000000080000000, 0x00000000d5580000, 0x00000000d5580000)
  object space 1398272K, 99% used [0x0000000080000000,0x00000000d556d970,0x00000000d5580000)
 Metaspace       used 31822K, committed 32704K, reserved 1114112K
  class space    used 3054K, committed 3456K, reserved 1048576K
}
Event: 2273,562 GC heap after
{Heap after GC invocations=3666 (full 572):
 PSYoungGen      total 299520K, used 215357K [0x00000000d5580000, 0x00000000ed100000, 0x0000000100000000)
  eden space 217088K, 99% used [0x00000000d5580000,0x00000000e27cf760,0x00000000e2980000)
  from space 82432K, 0% used [0x00000000e2980000,0x00000000e2980000,0x00000000e7a00000)
  to   space 79872K, 0% used [0x00000000e7a00000,0x00000000e7a00000,0x00000000ec800000)
 ParOldGen       total 1398272K, used 1398198K [0x0000000080000000, 0x00000000d5580000, 0x00000000d5580000)
  object space 1398272K, 99% used [0x0000000080000000,0x00000000d556d970,0x00000000d5580000)
 Metaspace       used 31822K, committed 32704K, reserved 1114112K
  class space    used 3054K, committed 3456K, reserved 1048576K
}
Event: 2273,577 GC heap before
{Heap before GC invocations=3667 (full 573):
 PSYoungGen      total 299520K, used 217082K [0x00000000d5580000, 0x00000000ed100000, 0x0000000100000000)
  eden space 217088K, 99% used [0x00000000d5580000,0x00000000e297e918,0x00000000e2980000)
  from space 82432K, 0% used [0x00000000e2980000,0x00000000e2980000,0x00000000e7a00000)
  to   space 79872K, 0% used [0x00000000e7a00000,0x00000000e7a00000,0x00000000ec800000)
 ParOldGen       total 1398272K, used 1398198K [0x0000000080000000, 0x00000000d5580000, 0x00000000d5580000)
  object space 1398272K, 99% used [0x0000000080000000,0x00000000d556d970,0x00000000d5580000)
 Metaspace       used 31822K, committed 32704K, reserved 1114112K
  class space    used 3054K, committed 3456K, reserved 1048576K
}
Event: 2276,618 GC heap after
{Heap after GC invocations=3667 (full 573):
 PSYoungGen      total 296960K, used 215375K [0x00000000d5580000, 0x00000000ed100000, 0x0000000100000000)
  eden space 217088K, 99% used [0x00000000d5580000,0x00000000e27d3c10,0x00000000e2980000)
  from space 79872K, 0% used [0x00000000e7a00000,0x00000000e7a00000,0x00000000ec800000)
  to   space 82432K, 0% used [0x00000000e2980000,0x00000000e2980000,0x00000000e7a00000)
 ParOldGen       total 1398272K, used 1398198K [0x0000000080000000, 0x00000000d5580000, 0x00000000d5580000)
  object space 1398272K, 99% used [0x0000000080000000,0x00000000d556d970,0x00000000d5580000)
 Metaspace       used 31822K, committed 32704K, reserved 1114112K
  class space    used 3054K, committed 3456K, reserved 1048576K
}
Event: 2276,628 GC heap before
{Heap before GC invocations=3668 (full 574):
 PSYoungGen      total 296960K, used 217088K [0x00000000d5580000, 0x00000000ed100000, 0x0000000100000000)
  eden space 217088K, 100% used [0x00000000d5580000,0x00000000e2980000,0x00000000e2980000)
  from space 79872K, 0% used [0x00000000e7a00000,0x00000000e7a00000,0x00000000ec800000)
  to   space 82432K, 0% used [0x00000000e2980000,0x00000000e2980000,0x00000000e7a00000)
 ParOldGen       total 1398272K, used 1398198K [0x0000000080000000, 0x00000000d5580000, 0x00000000d5580000)
  object space 1398272K, 99% used [0x0000000080000000,0x00000000d556d970,0x00000000d5580000)
 Metaspace       used 31822K, committed 32704K, reserved 1114112K
  class space    used 3054K, committed 3456K, reserved 1048576K
}
Event: 2279,616 GC heap after
{Heap after GC invocations=3668 (full 574):
 PSYoungGen      total 299520K, used 215392K [0x00000000d5580000, 0x00000000ed100000, 0x0000000100000000)
  eden space 217088K, 99% used [0x00000000d5580000,0x00000000e27d8000,0x00000000e2980000)
  from space 82432K, 0% used [0x00000000e2980000,0x00000000e2980000,0x00000000e7a00000)
  to   space 79872K, 0% used [0x00000000e7a00000,0x00000000e7a00000,0x00000000ec800000)
 ParOldGen       total 1398272K, used 1398198K [0x0000000080000000, 0x00000000d5580000, 0x00000000d5580000)
  object space 1398272K, 99% used [0x0000000080000000,0x00000000d556d970,0x00000000d5580000)
 Metaspace       used 31822K, committed 32704K, reserved 1114112K
  class space    used 3054K, committed 3456K, reserved 1048576K
}
Event: 2279,650 GC heap before
{Heap before GC invocations=3669 (full 575):
 PSYoungGen      total 299520K, used 217088K [0x00000000d5580000, 0x00000000ed100000, 0x0000000100000000)
  eden space 217088K, 100% used [0x00000000d5580000,0x00000000e2980000,0x00000000e2980000)
  from space 82432K, 0% used [0x00000000e2980000,0x00000000e2980000,0x00000000e7a00000)
  to   space 79872K, 0% used [0x00000000e7a00000,0x00000000e7a00000,0x00000000ec800000)
 ParOldGen       total 1398272K, used 1398198K [0x0000000080000000, 0x00000000d5580000, 0x00000000d5580000)
  object space 1398272K, 99% used [0x0000000080000000,0x00000000d556d970,0x00000000d5580000)
 Metaspace       used 31822K, committed 32704K, reserved 1114112K
  class space    used 3054K, committed 3456K, reserved 1048576K
}
Event: 2283,185 GC heap after
{Heap after GC invocations=3669 (full 575):
 PSYoungGen      total 296960K, used 215407K [0x00000000d5580000, 0x00000000ed100000, 0x0000000100000000)
  eden space 217088K, 99% used [0x00000000d5580000,0x00000000e27dbfa0,0x00000000e2980000)
  from space 79872K, 0% used [0x00000000e7a00000,0x00000000e7a00000,0x00000000ec800000)
  to   space 82432K, 0% used [0x00000000e2980000,0x00000000e2980000,0x00000000e7a00000)
 ParOldGen       total 1398272K, used 1398198K [0x0000000080000000, 0x00000000d5580000, 0x00000000d5580000)
  object space 1398272K, 99% used [0x0000000080000000,0x00000000d556d8e8,0x00000000d5580000)
 Metaspace       used 31822K, committed 32704K, reserved 1114112K
  class space    used 3054K, committed 3456K, reserved 1048576K
}
Event: 2283,190 GC heap before
{Heap before GC invocations=3670 (full 576):
 PSYoungGen      total 296960K, used 217088K [0x00000000d5580000, 0x00000000ed100000, 0x0000000100000000)
  eden space 217088K, 100% used [0x00000000d5580000,0x00000000e2980000,0x00000000e2980000)
  from space 79872K, 0% used [0x00000000e7a00000,0x00000000e7a00000,0x00000000ec800000)
  to   space 82432K, 0% used [0x00000000e2980000,0x00000000e2980000,0x00000000e7a00000)
 ParOldGen       total 1398272K, used 1398198K [0x0000000080000000, 0x00000000d5580000, 0x00000000d5580000)
  object space 1398272K, 99% used [0x0000000080000000,0x00000000d556d8e8,0x00000000d5580000)
 Metaspace       used 31822K, committed 32704K, reserved 1114112K
  class space    used 3054K, committed 3456K, reserved 1048576K
}

Dll operation events (12 events):
Event: 0,036 Loaded shared library /usr/lib/jvm/java-21-openjdk-amd64/lib/libjava.so
Event: 0,292 Loaded shared library /usr/lib/jvm/java-21-openjdk-amd64/lib/libjsvml.so
Event: 0,482 Loaded shared library /usr/lib/jvm/java-21-openjdk-amd64/lib/libzip.so
Event: 0,488 Loaded shared library /usr/lib/jvm/java-21-openjdk-amd64/lib/libinstrument.so
Event: 0,493 Loaded shared library /usr/lib/jvm/java-21-openjdk-amd64/lib/libnio.so
Event: 0,497 Loaded shared library /usr/lib/jvm/java-21-openjdk-amd64/lib/libzip.so
Event: 0,559 Loaded shared library /usr/lib/jvm/java-21-openjdk-amd64/lib/libjimage.so
Event: 0,666 Loaded shared library /usr/lib/jvm/java-21-openjdk-amd64/lib/libverify.so
Event: 1,820 Loaded shared library /usr/lib/jvm/java-21-openjdk-amd64/lib/libnet.so
Event: 4,730 Loaded shared library /home/la-mus/.config/Code/User/globalStorage/redhat.java/1.48.0/config_ss_linux/org.eclipse.equinox.launcher/org.eclipse.equinox.launcher.gtk.linux.x86_64_1.2.1500.v20250801-0854/eclipse_11916.so
Event: 6,279 Loaded shared library /usr/lib/jvm/java-21-openjdk-amd64/lib/libmanagement.so
Event: 6,282 Loaded shared library /usr/lib/jvm/java-21-openjdk-amd64/lib/libmanagement_ext.so

Deoptimization events (20 events):
Event: 1631,371 Thread 0x0000772b94030250 DEOPT PACKING pc=0x0000772c6c49654c sp=0x0000772c1a4fd160
Event: 1631,371 Thread 0x0000772b94030250 DEOPT UNPACKING pc=0x0000772c6bd8a399 sp=0x0000772c1a4fd198 mode 2
Event: 1631,394 Thread 0x0000772b94030250 DEOPT PACKING pc=0x0000772c6481dcd0 sp=0x0000772c1a4fd170
Event: 1631,395 Thread 0x0000772b94030250 DEOPT UNPACKING pc=0x0000772c6bd8ab2f sp=0x0000772c1a4fc638 mode 0
Event: 1633,738 Thread 0x0000772b94030250 Uncommon trap: trap_request=0xffffff45 fr.pc=0x0000772c6c560f80 relative=0x0000000000001420
Event: 1633,738 Thread 0x0000772b94030250 Uncommon trap: reason=unstable_if action=reinterpret pc=0x0000772c6c560f80 method=java.lang.String.getBytes([BIB)V @ 5 c2
Event: 1633,738 Thread 0x0000772b94030250 DEOPT PACKING pc=0x0000772c6c560f80 sp=0x0000772c1a4fd180
Event: 1633,738 Thread 0x0000772b94030250 DEOPT UNPACKING pc=0x0000772c6bd8a399 sp=0x0000772c1a4fcfa8 mode 2
Event: 1633,738 Thread 0x0000772b94030250 Uncommon trap: trap_request=0xffffff45 fr.pc=0x0000772c6c337034 relative=0x00000000000004d4
Event: 1633,738 Thread 0x0000772b94030250 Uncommon trap: reason=unstable_if action=reinterpret pc=0x0000772c6c337034 method=java.lang.AbstractStringBuilder.inflateIfNeededFor(Ljava/lang/String;)V @ 14 c2
Event: 1633,738 Thread 0x0000772b94030250 DEOPT PACKING pc=0x0000772c6c337034 sp=0x0000772c1a4fd0d0
Event: 1633,738 Thread 0x0000772b94030250 DEOPT UNPACKING pc=0x0000772c6bd8a399 sp=0x0000772c1a4fcfc8 mode 2
Event: 1633,738 Thread 0x0000772b94030250 Uncommon trap: trap_request=0xffffff45 fr.pc=0x0000772c6c3d2084 relative=0x0000000000000444
Event: 1633,738 Thread 0x0000772b94030250 Uncommon trap: reason=unstable_if action=reinterpret pc=0x0000772c6c3d2084 method=java.lang.AbstractStringBuilder.isLatin1()Z @ 10 c2
Event: 1633,738 Thread 0x0000772b94030250 DEOPT PACKING pc=0x0000772c6c3d2084 sp=0x0000772c1a4fd0b0
Event: 1633,738 Thread 0x0000772b94030250 DEOPT UNPACKING pc=0x0000772c6bd8a399 sp=0x0000772c1a4fd000 mode 2
Event: 1643,845 Thread 0x0000772b94030250 DEOPT PACKING pc=0x0000772c649a150a sp=0x0000772c1a4fce40
Event: 1643,845 Thread 0x0000772b94030250 DEOPT UNPACKING pc=0x0000772c6bd8ab2f sp=0x0000772c1a4fc368 mode 0
Event: 1643,847 Thread 0x0000772b94030250 DEOPT PACKING pc=0x0000772c649a150a sp=0x0000772c1a4fce40
Event: 1643,847 Thread 0x0000772b94030250 DEOPT UNPACKING pc=0x0000772c6bd8ab2f sp=0x0000772c1a4fc368 mode 0

Classes loaded (20 events):
Event: 9,399 Loading class java/util/AbstractList$SubList done
Event: 9,399 Loading class java/util/AbstractList$RandomAccessSubList done
Event: 9,399 Loading class java/util/AbstractList$SubList$1
Event: 9,400 Loading class java/util/AbstractList$SubList$1 done
Event: 9,400 Loading class java/util/AbstractList$ListItr
Event: 9,400 Loading class java/util/AbstractList$ListItr done
Event: 9,434 Loading class sun/nio/ch/ChannelInputStream
Event: 9,435 Loading class sun/nio/ch/ChannelInputStream done
Event: 9,471 Loading class org/w3c/dom/DOMException
Event: 9,471 Loading class org/w3c/dom/DOMException done
Event: 12,774 Loading class java/util/ImmutableCollections$SubList
Event: 12,777 Loading class java/util/ImmutableCollections$SubList done
Event: 1369,398 Loading class java/lang/Throwable$WrappedPrintWriter
Event: 1369,402 Loading class java/lang/Throwable$PrintStreamOrWriter
Event: 1369,402 Loading class java/lang/Throwable$PrintStreamOrWriter done
Event: 1369,402 Loading class java/lang/Throwable$WrappedPrintWriter done
Event: 1377,721 Loading class java/util/ArrayDeque$DeqSpliterator
Event: 1377,724 Loading class java/util/ArrayDeque$DeqSpliterator done
Event: 1630,074 Loading class java/lang/Throwable$WrappedPrintStream
Event: 1630,074 Loading class java/lang/Throwable$WrappedPrintStream done

Classes unloaded (20 events):
Event: 737,648 Thread 0x0000772c7c159d40 Unloading class 0x0000772c1c002800 'java/lang/invoke/LambdaForm$MH+0x0000772c1c002800'
Event: 737,648 Thread 0x0000772c7c159d40 Unloading class 0x0000772c1c002400 'java/lang/invoke/LambdaForm$MH+0x0000772c1c002400'
Event: 737,648 Thread 0x0000772c7c159d40 Unloading class 0x0000772c1c002000 'java/lang/invoke/LambdaForm$MH+0x0000772c1c002000'
Event: 737,648 Thread 0x0000772c7c159d40 Unloading class 0x0000772c1c001800 'java/lang/invoke/LambdaForm$MH+0x0000772c1c001800'
Event: 737,648 Thread 0x0000772c7c159d40 Unloading class 0x0000772c1c000400 'java/lang/invoke/LambdaForm$MH+0x0000772c1c000400'
Event: 1537,822 Thread 0x0000772c7c159d40 Unloading class 0x0000772c1c1a5800 'java/lang/invoke/LambdaForm$MH+0x0000772c1c1a5800'
Event: 1537,822 Thread 0x0000772c7c159d40 Unloading class 0x0000772c1c1bdc00 'java/lang/invoke/LambdaForm$MH+0x0000772c1c1bdc00'
Event: 1537,822 Thread 0x0000772c7c159d40 Unloading class 0x0000772c1c20c000 'java/lang/invoke/LambdaForm$MH+0x0000772c1c20c000'
Event: 1537,822 Thread 0x0000772c7c159d40 Unloading class 0x0000772c1c20cc00 'java/lang/invoke/LambdaForm$BMH+0x0000772c1c20cc00'
Event: 1537,822 Thread 0x0000772c7c159d40 Unloading class 0x0000772c1c218000 'java/lang/invoke/LambdaForm$MH+0x0000772c1c218000'
Event: 1537,822 Thread 0x0000772c7c159d40 Unloading class 0x0000772c1c27b000 'java/lang/invoke/LambdaForm$MH+0x0000772c1c27b000'
Event: 1537,822 Thread 0x0000772c7c159d40 Unloading class 0x0000772c1c2f8000 'java/lang/invoke/LambdaForm$MH+0x0000772c1c2f8000'
Event: 1537,822 Thread 0x0000772c7c159d40 Unloading class 0x0000772c1c308800 'java/lang/invoke/LambdaForm$MH+0x0000772c1c308800'
Event: 1537,822 Thread 0x0000772c7c159d40 Unloading class 0x0000772c1c350000 'java/lang/invoke/LambdaForm$MH+0x0000772c1c350000'
Event: 1537,822 Thread 0x0000772c7c159d40 Unloading class 0x0000772c1c351800 'java/lang/invoke/LambdaForm$MH+0x0000772c1c351800'
Event: 1537,822 Thread 0x0000772c7c159d40 Unloading class 0x0000772c1c352400 'java/lang/invoke/LambdaForm$MH+0x0000772c1c352400'
Event: 2107,204 Thread 0x0000772c7c159d40 Unloading class 0x0000772c1c20cc00 'java/lang/invoke/LambdaForm$MH+0x0000772c1c20cc00'
Event: 2107,204 Thread 0x0000772c7c159d40 Unloading class 0x0000772c1c20c000 'java/lang/invoke/LambdaForm$MH+0x0000772c1c20c000'
Event: 2107,204 Thread 0x0000772c7c159d40 Unloading class 0x0000772c1c1bdc00 'java/lang/invoke/LambdaForm$MH+0x0000772c1c1bdc00'
Event: 2107,204 Thread 0x0000772c7c159d40 Unloading class 0x0000772c1c1a5800 'java/lang/invoke/LambdaForm$MH+0x0000772c1c1a5800'

Classes redefined (0 events):
No events

Internal exceptions (20 events):
Event: 199,401 Thread 0x0000772c7c72f310 Exception <a 'sun/nio/fs/UnixException'{0x00000000d62e6fe0}> (0x00000000d62e6fe0) 
thrown [./src/hotspot/share/prims/jni.cpp, line 520]
Event: 199,422 Thread 0x0000772c7c72f310 Exception <a 'sun/nio/fs/UnixException'{0x00000000d64779a0}> (0x00000000d64779a0) 
thrown [./src/hotspot/share/prims/jni.cpp, line 520]
Event: 199,506 Thread 0x0000772c7c72f310 Exception <a 'sun/nio/fs/UnixException'{0x00000000d6c1dba0}> (0x00000000d6c1dba0) 
thrown [./src/hotspot/share/prims/jni.cpp, line 520]
Event: 199,520 Thread 0x0000772c7c72f310 Exception <a 'sun/nio/fs/UnixException'{0x00000000d6da6038}> (0x00000000d6da6038) 
thrown [./src/hotspot/share/prims/jni.cpp, line 520]
Event: 202,565 Thread 0x0000772c7c72f310 Exception <a 'sun/nio/fs/UnixException'{0x00000000d644b590}> (0x00000000d644b590) 
thrown [./src/hotspot/share/prims/jni.cpp, line 520]
Event: 202,614 Thread 0x0000772c7c72f310 Exception <a 'sun/nio/fs/UnixException'{0x00000000d686cf70}> (0x00000000d686cf70) 
thrown [./src/hotspot/share/prims/jni.cpp, line 520]
Event: 202,630 Thread 0x0000772c7c72f310 Exception <a 'sun/nio/fs/UnixException'{0x00000000d69d1228}> (0x00000000d69d1228) 
thrown [./src/hotspot/share/prims/jni.cpp, line 520]
Event: 202,645 Thread 0x0000772c7c72f310 Exception <a 'sun/nio/fs/UnixException'{0x00000000d6b35048}> (0x00000000d6b35048) 
thrown [./src/hotspot/share/prims/jni.cpp, line 520]
Event: 202,645 Thread 0x0000772c7c72f310 Exception <a 'sun/nio/fs/UnixException'{0x00000000d6b369d8}> (0x00000000d6b369d8) 
thrown [./src/hotspot/share/prims/jni.cpp, line 520]
Event: 202,660 Thread 0x0000772c7c72f310 Exception <a 'sun/nio/fs/UnixException'{0x00000000d6c9a978}> (0x00000000d6c9a978) 
thrown [./src/hotspot/share/prims/jni.cpp, line 520]
Event: 202,763 Thread 0x0000772c7c72f310 Exception <a 'sun/nio/fs/UnixException'{0x00000000d5706248}> (0x00000000d5706248) 
thrown [./src/hotspot/share/prims/jni.cpp, line 520]
Event: 202,764 Thread 0x0000772c7c72f310 Exception <a 'sun/nio/fs/UnixException'{0x00000000d5712c78}> (0x00000000d5712c78) 
thrown [./src/hotspot/share/prims/jni.cpp, line 520]
Event: 202,764 Thread 0x0000772c7c72f310 Exception <a 'sun/nio/fs/UnixException'{0x00000000d5713c50}> (0x00000000d5713c50) 
thrown [./src/hotspot/share/prims/jni.cpp, line 520]
Event: 202,791 Thread 0x0000772c7c72f310 Exception <a 'sun/nio/fs/UnixException'{0x00000000d5876470}> (0x00000000d5876470) 
thrown [./src/hotspot/share/prims/jni.cpp, line 520]
Event: 729,393 Thread 0x0000772c7c72f310 Implicit null exception at 0x0000772c6c61f43a to 0x0000772c6c61fc70
Event: 729,615 Thread 0x0000772c7c72f310 Implicit null exception at 0x0000772c6c4efd80 to 0x0000772c6c4efe6a
Event: 1365,681 Thread 0x0000772bb03912c0 Exception <a 'java/lang/OutOfMemoryError'{0x00000000802c8050}> (0x00000000802c8050) 
thrown [./src/hotspot/share/gc/shared/memAllocator.cpp, line 136]
Event: 1369,510 Thread 0x0000772bb03912c0 Exception <a 'java/lang/NoSuchMethodError'{0x00000000d57e97d8}: 'void java.lang.invoke.DelegatingMethodHandle$Holder.reinvoke_L(java.lang.Object, java.lang.Object, int)'> (0x00000000d57e97d8) 
thrown [./src/hotspot/share/interpreter/linkResolver.cpp, line 772]
Event: 1621,179 Thread 0x0000772bb02c2b00 Exception <a 'java/lang/OutOfMemoryError'{0x00000000802c8328}> (0x00000000802c8328) 
thrown [./src/hotspot/share/gc/shared/memAllocator.cpp, line 136]
Event: 1628,530 Thread 0x0000772bb03912c0 Exception <a 'java/lang/OutOfMemoryError'{0x00000000802c8600}> (0x00000000802c8600) 
thrown [./src/hotspot/share/gc/shared/memAllocator.cpp, line 136]

ZGC Phase Switch (0 events):
No events

VM Operations (20 events):
Event: 2256,140 Executing VM operation: ParallelGCFailedAllocation (Allocation Failure) done
Event: 2256,142 Executing VM operation: ParallelGCFailedAllocation (Allocation Failure)
Event: 2259,569 Executing VM operation: ParallelGCFailedAllocation (Allocation Failure) done
Event: 2259,575 Executing VM operation: ParallelGCFailedAllocation (Allocation Failure)
Event: 2262,768 Executing VM operation: ParallelGCFailedAllocation (Allocation Failure) done
Event: 2262,772 Executing VM operation: ParallelGCFailedAllocation (Allocation Failure)
Event: 2264,934 Executing VM operation: ParallelGCFailedAllocation (Allocation Failure) done
Event: 2264,936 Executing VM operation: ParallelGCFailedAllocation (Allocation Failure)
Event: 2267,007 Executing VM operation: ParallelGCFailedAllocation (Allocation Failure) done
Event: 2267,013 Executing VM operation: ParallelGCFailedAllocation (Allocation Failure)
Event: 2270,194 Executing VM operation: ParallelGCFailedAllocation (Allocation Failure) done
Event: 2270,198 Executing VM operation: ParallelGCFailedAllocation (Allocation Failure)
Event: 2273,572 Executing VM operation: ParallelGCFailedAllocation (Allocation Failure) done
Event: 2273,577 Executing VM operation: ParallelGCFailedAllocation (Allocation Failure)
Event: 2276,619 Executing VM operation: ParallelGCFailedAllocation (Allocation Failure) done
Event: 2276,628 Executing VM operation: ParallelGCFailedAllocation (Allocation Failure)
Event: 2279,636 Executing VM operation: ParallelGCFailedAllocation (Allocation Failure) done
Event: 2279,650 Executing VM operation: ParallelGCFailedAllocation (Allocation Failure)
Event: 2283,187 Executing VM operation: ParallelGCFailedAllocation (Allocation Failure) done
Event: 2283,190 Executing VM operation: ParallelGCFailedAllocation (Allocation Failure)

Memory protections (20 events):
Event: 4,674 Protecting memory [0x0000772c6432f000,0x0000772c64333000] with protection modes 0
Event: 4,807 Protecting memory [0x0000772c1a4ff000,0x0000772c1a503000] with protection modes 0
Event: 4,811 Protecting memory [0x0000772c1a3ff000,0x0000772c1a403000] with protection modes 0
Event: 5,218 Protecting memory [0x0000772c1a2ff000,0x0000772c1a303000] with protection modes 0
Event: 5,807 Protecting memory [0x0000772c1a1ff000,0x0000772c1a203000] with protection modes 0
Event: 6,473 Protecting memory [0x0000772c19dfc000,0x0000772c19e00000] with protection modes 0
Event: 6,501 Protecting memory [0x0000772c19cfc000,0x0000772c19d00000] with protection modes 0
Event: 7,341 Protecting memory [0x0000772c19bfc000,0x0000772c19c00000] with protection modes 0
Event: 8,180 Protecting memory [0x0000772c19bfc000,0x0000772c19c00000] with protection modes 0
Event: 8,520 Protecting memory [0x0000772c19afc000,0x0000772c19b00000] with protection modes 0
Event: 8,520 Protecting memory [0x0000772c199fc000,0x0000772c19a00000] with protection modes 0
Event: 729,402 Protecting memory [0x0000772c1a3ff000,0x0000772c1a403000] with protection modes 0
Event: 1369,413 Protecting memory [0x0000772c1ab00000,0x0000772c1ab04000] with protection modes 0
Event: 1369,414 Protecting memory [0x0000772c1aa00000,0x0000772c1aa04000] with protection modes 0
Event: 1376,526 Protecting memory [0x0000772c1ab00000,0x0000772c1ab04000] with protection modes 0
Event: 1377,659 Protecting memory [0x0000772c1ab00000,0x0000772c1ab04000] with protection modes 0
Event: 1630,095 Protecting memory [0x0000772c1aa00000,0x0000772c1aa04000] with protection modes 0
Event: 1630,103 Protecting memory [0x0000772c1a1ff000,0x0000772c1a203000] with protection modes 0
Event: 1633,728 Protecting memory [0x0000772c1a1ff000,0x0000772c1a203000] with protection modes 0
Event: 1633,746 Protecting memory [0x0000772c1aa00000,0x0000772c1aa04000] with protection modes 0

Nmethod flushes (20 events):
Event: 1696,416 Thread 0x0000772c7c159d40 flushing  nmethod 0x0000772c64a74910
Event: 1696,416 Thread 0x0000772c7c159d40 flushing  nmethod 0x0000772c64a75090
Event: 1696,416 Thread 0x0000772c7c159d40 flushing  nmethod 0x0000772c64a75890
Event: 1696,416 Thread 0x0000772c7c159d40 flushing  nmethod 0x0000772c64a75c90
Event: 1696,416 Thread 0x0000772c7c159d40 flushing  nmethod 0x0000772c64a76390
Event: 1696,416 Thread 0x0000772c7c159d40 flushing  nmethod 0x0000772c64a79990
Event: 1696,416 Thread 0x0000772c7c159d40 flushing  nmethod 0x0000772c64ae7a10
Event: 1696,416 Thread 0x0000772c7c159d40 flushing  nmethod 0x0000772c64b18b10
Event: 1696,416 Thread 0x0000772c7c159d40 flushing  nmethod 0x0000772c64b59410
Event: 1696,416 Thread 0x0000772c7c159d40 flushing  nmethod 0x0000772c64b59c10
Event: 1696,416 Thread 0x0000772c7c159d40 flushing  nmethod 0x0000772c64b5a690
Event: 1696,416 Thread 0x0000772c7c159d40 flushing  nmethod 0x0000772c64b5bf90
Event: 1696,416 Thread 0x0000772c7c159d40 flushing  nmethod 0x0000772c64c14810
Event: 1696,416 Thread 0x0000772c7c159d40 flushing  nmethod 0x0000772c64c16390
Event: 1696,416 Thread 0x0000772c7c159d40 flushing  nmethod 0x0000772c64e50510
Event: 1696,416 Thread 0x0000772c7c159d40 flushing  nmethod 0x0000772c64e9fd10
Event: 1696,416 Thread 0x0000772c7c159d40 flushing  nmethod 0x0000772c6505ed10
Event: 1696,416 Thread 0x0000772c7c159d40 flushing  nmethod 0x0000772c651d3e10
Event: 1696,416 Thread 0x0000772c7c159d40 flushing  nmethod 0x0000772c651d4210
Event: 1696,416 Thread 0x0000772c7c159d40 flushing  nmethod 0x0000772c651d5310

Events (20 events):
Event: 14,890 Thread 0x0000772c7c3f0a80 Thread exited: 0x0000772c7c3f0a80
Event: 14,890 Thread 0x0000772bb4008490 Thread exited: 0x0000772bb4008490
Event: 729,402 Thread 0x0000772bb03912c0 Thread added: 0x0000772b94030250
Event: 1369,413 Thread 0x0000772c7c174b30 Thread added: 0x0000772bf42bf9f0
Event: 1369,414 Thread 0x0000772c7c174b30 Thread added: 0x0000772bf43ad5c0
Event: 1372,629 Thread 0x0000772bf42bf9f0 Thread exited: 0x0000772bf42bf9f0
Event: 1372,629 Thread 0x0000772bf43ad5c0 Thread exited: 0x0000772bf43ad5c0
Event: 1376,526 Thread 0x0000772c7c1734a0 Thread added: 0x0000772bf0b5d700
Event: 1376,699 Thread 0x0000772bf0b5d700 Thread exited: 0x0000772bf0b5d700
Event: 1377,659 Thread 0x0000772bb039e9a0 Thread added: 0x0000772b880054a0
Event: 1630,079 Thread 0x0000772bb02c2b00 Thread exited: 0x0000772bb02c2b00
Event: 1630,093 Thread 0x0000772c7c174b30 Thread added: 0x0000772bf42bf9f0
Event: 1630,094 Thread 0x0000772c7c174b30 Thread added: 0x0000772bf43ad5c0
Event: 1633,708 Thread 0x0000772bf43ad5c0 Thread exited: 0x0000772bf43ad5c0
Event: 1633,708 Thread 0x0000772bf42bf9f0 Thread exited: 0x0000772bf42bf9f0
Event: 1633,728 Thread 0x0000772c7c174b30 Thread added: 0x0000772bf43ad5c0
Event: 1633,746 Thread 0x0000772c7c174b30 Thread added: 0x0000772bf42bf9f0
Event: 1634,083 Thread 0x0000772bf42bf9f0 Thread exited: 0x0000772bf42bf9f0
Event: 1635,597 Thread 0x0000772b880054a0 Thread exited: 0x0000772b880054a0
Event: 1637,519 Thread 0x0000772bf43ad5c0 Thread exited: 0x0000772bf43ad5c0


Dynamic libraries:
80000000-d5580000 rw-p 00000000 00:00 0 
d5580000-ed100000 rw-p 00000000 00:00 0 
ed100000-100000000 ---p 00000000 00:00 0 
5a2dbf78d000-5a2dbf78e000 r--p 00000000 103:02 12976420                  /usr/lib/jvm/java-21-openjdk-amd64/bin/java
5a2dbf78e000-5a2dbf78f000 r-xp 00001000 103:02 12976420                  /usr/lib/jvm/java-21-openjdk-amd64/bin/java
5a2dbf78f000-5a2dbf790000 r--p 00002000 103:02 12976420                  /usr/lib/jvm/java-21-openjdk-amd64/bin/java
5a2dbf790000-5a2dbf791000 r--p 00002000 103:02 12976420                  /usr/lib/jvm/java-21-openjdk-amd64/bin/java
5a2dbf791000-5a2dbf792000 rw-p 00003000 103:02 12976420                  /usr/lib/jvm/java-21-openjdk-amd64/bin/java
5a2dca3e2000-5a2dca42a000 rw-p 00000000 00:00 0                          [heap]
772b80000000-772b80021000 rw-p 00000000 00:00 0 
772b80021000-772b84000000 ---p 00000000 00:00 0 
772b84000000-772b84208000 rw-p 00000000 00:00 0 
772b84208000-772b88000000 ---p 00000000 00:00 0 
772b88000000-772b88021000 rw-p 00000000 00:00 0 
772b88021000-772b8c000000 ---p 00000000 00:00 0 
772b8c000000-772b8c021000 rw-p 00000000 00:00 0 
772b8c021000-772b90000000 ---p 00000000 00:00 0 
772b90000000-772b901a5000 rw-p 00000000 00:00 0 
772b901a5000-772b94000000 ---p 00000000 00:00 0 
772b94000000-772b94075000 rw-p 00000000 00:00 0 
772b94075000-772b98000000 ---p 00000000 00:00 0 
772b98000000-772b98021000 rw-p 00000000 00:00 0 
772b98021000-772b9c000000 ---p 00000000 00:00 0 
772b9c000000-772b9c021000 rw-p 00000000 00:00 0 
772b9c021000-772ba0000000 ---p 00000000 00:00 0 
772ba0000000-772ba0021000 rw-p 00000000 00:00 0 
772ba0021000-772ba4000000 ---p 00000000 00:00 0 
772ba4000000-772ba4ac3000 rw-p 00000000 00:00 0 
772ba4ac3000-772ba8000000 ---p 00000000 00:00 0 
772ba8000000-772ba8021000 rw-p 00000000 00:00 0 
772ba8021000-772bac000000 ---p 00000000 00:00 0 
772bac000000-772bac021000 rw-p 00000000 00:00 0 
772bac021000-772bb0000000 ---p 00000000 00:00 0 
772bb0000000-772bb089b000 rw-p 00000000 00:00 0 
772bb089b000-772bb4000000 ---p 00000000 00:00 0 
772bb4000000-772bb4036000 rw-p 00000000 00:00 0 
772bb4036000-772bb8000000 ---p 00000000 00:00 0 
772bb8000000-772bb8021000 rw-p 00000000 00:00 0 
772bb8021000-772bbc000000 ---p 00000000 00:00 0 
772bbc000000-772bbc021000 rw-p 00000000 00:00 0 
772bbc021000-772bc0000000 ---p 00000000 00:00 0 
772bc0000000-772bc02e9000 rw-p 00000000 00:00 0 
772bc02e9000-772bc4000000 ---p 00000000 00:00 0 
772bc4000000-772bc44f6000 rw-p 00000000 00:00 0 
772bc44f6000-772bc8000000 ---p 00000000 00:00 0 
772bc8000000-772bc8021000 rw-p 00000000 00:00 0 
772bc8021000-772bcc000000 ---p 00000000 00:00 0 
772bcc000000-772bcc021000 rw-p 00000000 00:00 0 
772bcc021000-772bd0000000 ---p 00000000 00:00 0 
772bd0000000-772bd0021000 rw-p 00000000 00:00 0 
772bd0021000-772bd4000000 ---p 00000000 00:00 0 
772bd4000000-772bd4021000 rw-p 00000000 00:00 0 
772bd4021000-772bd8000000 ---p 00000000 00:00 0 
772bd8000000-772bd8021000 rw-p 00000000 00:00 0 
772bd8021000-772bdc000000 ---p 00000000 00:00 0 
772bdc000000-772bdc021000 rw-p 00000000 00:00 0 
772bdc021000-772be0000000 ---p 00000000 00:00 0 
772be0000000-772be0283000 rw-p 00000000 00:00 0 
772be0283000-772be4000000 ---p 00000000 00:00 0 
772be4000000-772be4021000 rw-p 00000000 00:00 0 
772be4021000-772be8000000 ---p 00000000 00:00 0 
772be8000000-772be8021000 rw-p 00000000 00:00 0 
772be8021000-772bec000000 ---p 00000000 00:00 0 
772bec000000-772bec021000 rw-p 00000000 00:00 0 
772bec021000-772bf0000000 ---p 00000000 00:00 0 
772bf0000000-772bf14a5000 rw-p 00000000 00:00 0 
772bf14a5000-772bf4000000 ---p 00000000 00:00 0 
772bf4000000-772bf4698000 rw-p 00000000 00:00 0 
772bf4698000-772bf8000000 ---p 00000000 00:00 0 
772bf8000000-772bf8021000 rw-p 00000000 00:00 0 
772bf8021000-772bfc000000 ---p 00000000 00:00 0 
772bfc000000-772bfc021000 rw-p 00000000 00:00 0 
772bfc021000-772c00000000 ---p 00000000 00:00 0 
772c00000000-772c00021000 rw-p 00000000 00:00 0 
772c00021000-772c04000000 ---p 00000000 00:00 0 
772c04000000-772c04021000 rw-p 00000000 00:00 0 
772c04021000-772c08000000 ---p 00000000 00:00 0 
772c08000000-772c08023000 rw-p 00000000 00:00 0 
772c08023000-772c0c000000 ---p 00000000 00:00 0 
772c0c000000-772c0c021000 rw-p 00000000 00:00 0 
772c0c021000-772c10000000 ---p 00000000 00:00 0 
772c10000000-772c10400000 rw-p 00000000 00:00 0 
772c10400000-772c10700000 rw-p 00000000 00:00 0 
772c10700000-772c10800000 rw-p 00000000 00:00 0 
772c10800000-772c10980000 rw-p 00000000 00:00 0 
772c10980000-772c10a00000 rw-p 00000000 00:00 0 
772c10a00000-772c10b00000 rw-p 00000000 00:00 0 
772c10b00000-772c10c00000 rw-p 00000000 00:00 0 
772c10c00000-772c11500000 rw-p 00000000 00:00 0 
772c11500000-772c11600000 rw-p 00000000 00:00 0 
772c11600000-772c11700000 rw-p 00000000 00:00 0 
772c11700000-772c11800000 rw-p 00000000 00:00 0 
772c11800000-772c11bc0000 rw-p 00000000 00:00 0 
772c11bc0000-772c11c00000 rw-p 00000000 00:00 0 
772c11c00000-772c11c90000 rw-p 00000000 00:00 0 
772c11c90000-772c14000000 ---p 00000000 00:00 0 
772c14000000-772c14021000 rw-p 00000000 00:00 0 
772c14021000-772c18000000 ---p 00000000 00:00 0 
772c1971a000-772c199fc000 rw-p 00000000 00:00 0 
772c199fc000-772c19a00000 ---p 00000000 00:00 0 
772c19a00000-772c19afc000 rw-p 00000000 00:00 0 
772c19afc000-772c19b00000 ---p 00000000 00:00 0 
772c19b00000-772c19bfc000 rw-p 00000000 00:00 0 
772c19bfc000-772c19c00000 ---p 00000000 00:00 0 
772c19c00000-772c19cfc000 rw-p 00000000 00:00 0 
772c19cfc000-772c19d00000 ---p 00000000 00:00 0 
772c19d00000-772c19dfc000 rw-p 00000000 00:00 0 
772c19dfc000-772c19e00000 ---p 00000000 00:00 0 
772c19e00000-772c1a1ff000 rw-p 00000000 00:00 0 
772c1a1ff000-772c1a203000 ---p 00000000 00:00 0 
772c1a203000-772c1a2ff000 rw-p 00000000 00:00 0 
772c1a2ff000-772c1a303000 ---p 00000000 00:00 0 
772c1a303000-772c1a3ff000 rw-p 00000000 00:00 0 
772c1a3ff000-772c1a403000 ---p 00000000 00:00 0 
772c1a403000-772c1a4ff000 rw-p 00000000 00:00 0 
772c1a4ff000-772c1a503000 ---p 00000000 00:00 0 
772c1a503000-772c1a700000 rw-p 00000000 00:00 0 
772c1a700000-772c1a704000 ---p 00000000 00:00 0 
772c1a704000-772c1a800000 rw-p 00000000 00:00 0 
772c1a800000-772c1a804000 ---p 00000000 00:00 0 
772c1a804000-772c1a900000 rw-p 00000000 00:00 0 
772c1a900000-772c1a904000 ---p 00000000 00:00 0 
772c1a904000-772c1aa00000 rw-p 00000000 00:00 0 
772c1aa00000-772c1aa04000 ---p 00000000 00:00 0 
772c1aa04000-772c1ab00000 rw-p 00000000 00:00 0 
772c1ab00000-772c1ab04000 ---p 00000000 00:00 0 
772c1ab04000-772c1ac00000 rw-p 00000000 00:00 0 
772c1ac00000-772c1ac04000 ---p 00000000 00:00 0 
772c1ac04000-772c1ad00000 rw-p 00000000 00:00 0 
772c1ad00000-772c1ad04000 ---p 00000000 00:00 0 
772c1ad04000-772c1ae00000 rw-p 00000000 00:00 0 
772c1ae00000-772c1ae04000 ---p 00000000 00:00 0 
772c1ae04000-772c1af00000 rw-p 00000000 00:00 0 
772c1af00000-772c1af04000 ---p 00000000 00:00 0 
772c1af04000-772c1b000000 rw-p 00000000 00:00 0 
772c1b000000-772c1bca0000 rw-p 00001000 103:02 12977619                  /usr/lib/jvm/java-21-openjdk-amd64/lib/server/classes.jsa
772c1bca0000-772c1c000000 ---p 00000000 00:00 0 
772c1c000000-772c1c040000 rw-p 00000000 00:00 0 
772c1c040000-772c1c0c0000 rw-p 00000000 00:00 0 
772c1c0c0000-772c1c100000 rw-p 00000000 00:00 0 
772c1c100000-772c1c1c0000 rw-p 00000000 00:00 0 
772c1c1c0000-772c1c200000 rw-p 00000000 00:00 0 
772c1c200000-772c1c360000 rw-p 00000000 00:00 0 
772c1c360000-772c5c000000 ---p 00000000 00:00 0 
772c5c000000-772c60021000 rw-p 00000000 00:00 0 
772c60021000-772c64000000 ---p 00000000 00:00 0 
772c6402c000-772c6432f000 rw-p 00000000 00:00 0 
772c6432f000-772c64333000 ---p 00000000 00:00 0 
772c64333000-772c6442f000 rw-p 00000000 00:00 0 
772c6442f000-772c64433000 ---p 00000000 00:00 0 
772c64433000-772c6452f000 rw-p 00000000 00:00 0 
772c6452f000-772c64533000 ---p 00000000 00:00 0 
772c64533000-772c6462f000 rw-p 00000000 00:00 0 
772c6462f000-772c64634000 r--p 00000000 103:02 12976644                  /usr/lib/jvm/java-21-openjdk-amd64/lib/libjsvml.so
772c64634000-772c64675000 r-xp 00005000 103:02 12976644                  /usr/lib/jvm/java-21-openjdk-amd64/lib/libjsvml.so
772c64675000-772c646fe000 r--p 00046000 103:02 12976644                  /usr/lib/jvm/java-21-openjdk-amd64/lib/libjsvml.so
772c646fe000-772c646ff000 r--p 000ce000 103:02 12976644                  /usr/lib/jvm/java-21-openjdk-amd64/lib/libjsvml.so
772c646ff000-772c64700000 rw-p 000cf000 103:02 12976644                  /usr/lib/jvm/java-21-openjdk-amd64/lib/libjsvml.so
772c64700000-772c64704000 ---p 00000000 00:00 0 
772c64704000-772c64800000 rw-p 00000000 00:00 0 
772c64800000-772c651e0000 rwxp 00000000 00:00 0 
772c651e0000-772c6bd37000 ---p 00000000 00:00 0 
772c6bd37000-772c6bfa7000 rwxp 00000000 00:00 0 
772c6bfa7000-772c6c2c9000 ---p 00000000 00:00 0 
772c6c2c9000-772c6c659000 rwxp 00000000 00:00 0 
772c6c659000-772c73800000 ---p 00000000 00:00 0 
772c73800000-772c7be35000 r--s 00000000 103:02 12977618                  /usr/lib/jvm/java-21-openjdk-amd64/lib/modules
772c7bef7000-772c7bef9000 r--p 00000000 103:02 12977607                  /usr/lib/jvm/java-21-openjdk-amd64/lib/libmanagement_ext.so
772c7bef9000-772c7befc000 r-xp 00002000 103:02 12977607                  /usr/lib/jvm/java-21-openjdk-amd64/lib/libmanagement_ext.so
772c7befc000-772c7befe000 r--p 00005000 103:02 12977607                  /usr/lib/jvm/java-21-openjdk-amd64/lib/libmanagement_ext.so
772c7befe000-772c7beff000 r--p 00006000 103:02 12977607                  /usr/lib/jvm/java-21-openjdk-amd64/lib/libmanagement_ext.so
772c7beff000-772c7bf00000 rw-p 00007000 103:02 12977607                  /usr/lib/jvm/java-21-openjdk-amd64/lib/libmanagement_ext.so
772c7bf00000-772c7bf04000 ---p 00000000 00:00 0 
772c7bf04000-772c7c000000 rw-p 00000000 00:00 0 
772c7c000000-772c7c735000 rw-p 00000000 00:00 0 
772c7c735000-772c80000000 ---p 00000000 00:00 0 
772c80008000-772c8000a000 r--p 00000000 103:02 12976651                  /usr/lib/jvm/java-21-openjdk-amd64/lib/libmanagement.so
772c8000a000-772c8000b000 r-xp 00002000 103:02 12976651                  /usr/lib/jvm/java-21-openjdk-amd64/lib/libmanagement.so
772c8000b000-772c8000c000 r--p 00003000 103:02 12976651                  /usr/lib/jvm/java-21-openjdk-amd64/lib/libmanagement.so
772c8000c000-772c8000d000 r--p 00003000 103:02 12976651                  /usr/lib/jvm/java-21-openjdk-amd64/lib/libmanagement.so
772c8000d000-772c8000e000 rw-p 00004000 103:02 12976651                  /usr/lib/jvm/java-21-openjdk-amd64/lib/libmanagement.so
772c8000e000-772c80012000 r--p 00000000 103:02 12363496                  /home/la-mus/.config/Code/User/globalStorage/redhat.java/1.48.0/config_ss_linux/org.eclipse.equinox.launcher/org.eclipse.equinox.launcher.gtk.linux.x86_64_1.2.1500.v20250801-0854/eclipse_11916.so
772c80012000-772c8001c000 r-xp 00004000 103:02 12363496                  /home/la-mus/.config/Code/User/globalStorage/redhat.java/1.48.0/config_ss_linux/org.eclipse.equinox.launcher/org.eclipse.equinox.launcher.gtk.linux.x86_64_1.2.1500.v20250801-0854/eclipse_11916.so
772c8001c000-772c8001f000 r--p 0000e000 103:02 12363496                  /home/la-mus/.config/Code/User/globalStorage/redhat.java/1.48.0/config_ss_linux/org.eclipse.equinox.launcher/org.eclipse.equinox.launcher.gtk.linux.x86_64_1.2.1500.v20250801-0854/eclipse_11916.so
772c8001f000-772c80020000 r--p 00010000 103:02 12363496                  /home/la-mus/.config/Code/User/globalStorage/redhat.java/1.48.0/config_ss_linux/org.eclipse.equinox.launcher/org.eclipse.equinox.launcher.gtk.linux.x86_64_1.2.1500.v20250801-0854/eclipse_11916.so
772c80020000-772c80021000 rw-p 00011000 103:02 12363496                  /home/la-mus/.config/Code/User/globalStorage/redhat.java/1.48.0/config_ss_linux/org.eclipse.equinox.launcher/org.eclipse.equinox.launcher.gtk.linux.x86_64_1.2.1500.v20250801-0854/eclipse_11916.so
772c80021000-772c80022000 rw-p 00000000 00:00 0 
772c80022000-772c80047000 r--p 00000000 103:02 12854855                  /usr/share/locale-langpack/fr/LC_MESSAGES/libc.mo
772c80047000-772c8004b000 r--p 00000000 103:02 12977616                  /usr/lib/jvm/java-21-openjdk-amd64/lib/libverify.so
772c8004b000-772c80053000 r-xp 00004000 103:02 12977616                  /usr/lib/jvm/java-21-openjdk-amd64/lib/libverify.so
772c80053000-772c80055000 r--p 0000c000 103:02 12977616                  /usr/lib/jvm/java-21-openjdk-amd64/lib/libverify.so
772c80055000-772c80057000 r--p 0000d000 103:02 12977616                  /usr/lib/jvm/java-21-openjdk-amd64/lib/libverify.so
772c80057000-772c80058000 rw-p 0000f000 103:02 12977616                  /usr/lib/jvm/java-21-openjdk-amd64/lib/libverify.so
772c80058000-772c8005f000 r--p 00000000 103:02 12977610                  /usr/lib/jvm/java-21-openjdk-amd64/lib/libnio.so
772c8005f000-772c80068000 r-xp 00007000 103:02 12977610                  /usr/lib/jvm/java-21-openjdk-amd64/lib/libnio.so
772c80068000-772c8006c000 r--p 00010000 103:02 12977610                  /usr/lib/jvm/java-21-openjdk-amd64/lib/libnio.so
772c8006c000-772c8006d000 r--p 00014000 103:02 12977610                  /usr/lib/jvm/java-21-openjdk-amd64/lib/libnio.so
772c8006d000-772c8006e000 rw-p 00015000 103:02 12977610                  /usr/lib/jvm/java-21-openjdk-amd64/lib/libnio.so
772c8006e000-772c80072000 ---p 00000000 00:00 0 
772c80072000-772c8016e000 rw-p 00000000 00:00 0 
772c8016e000-772c80172000 ---p 00000000 00:00 0 
772c80172000-772c8026e000 rw-p 00000000 00:00 0 
772c8026e000-772c80272000 ---p 00000000 00:00 0 
772c80272000-772c8036e000 rw-p 00000000 00:00 0 
772c8036e000-772c80372000 ---p 00000000 00:00 0 
772c80372000-772c8046e000 rw-p 00000000 00:00 0 
772c8046e000-772c80472000 ---p 00000000 00:00 0 
772c80472000-772c8056e000 rw-p 00000000 00:00 0 
772c8056e000-772c807e6000 r--p 00000000 07:0d 188                        /snap/code/213/usr/lib/locale/aa_DJ.utf8/LC_COLLATE
772c807e6000-772c808e7000 rw-p 00000000 00:00 0 
772c808e7000-772c820ff000 rw-p 00000000 00:00 0 
772c820ff000-772c82200000 rw-p 00000000 00:00 0 
772c82200000-772c82600000 rw-p 00000000 00:00 0 
772c82602000-772c82603000 r--p 00000000 103:02 12618907                  /usr/lib/x86_64-linux-gnu/libdl.so.2
772c82603000-772c82604000 r-xp 00001000 103:02 12618907                  /usr/lib/x86_64-linux-gnu/libdl.so.2
772c82604000-772c82605000 r--p 00002000 103:02 12618907                  /usr/lib/x86_64-linux-gnu/libdl.so.2
772c82605000-772c82606000 r--p 00002000 103:02 12618907                  /usr/lib/x86_64-linux-gnu/libdl.so.2
772c82606000-772c82607000 rw-p 00003000 103:02 12618907                  /usr/lib/x86_64-linux-gnu/libdl.so.2
772c82607000-772c82608000 r--p 00000000 103:02 12618942                  /usr/lib/x86_64-linux-gnu/libpthread.so.0
772c82608000-772c82609000 r-xp 00001000 103:02 12618942                  /usr/lib/x86_64-linux-gnu/libpthread.so.0
772c82609000-772c8260a000 r--p 00002000 103:02 12618942                  /usr/lib/x86_64-linux-gnu/libpthread.so.0
772c8260a000-772c8260b000 r--p 00002000 103:02 12618942                  /usr/lib/x86_64-linux-gnu/libpthread.so.0
772c8260b000-772c8260c000 rw-p 00003000 103:02 12618942                  /usr/lib/x86_64-linux-gnu/libpthread.so.0
772c8260c000-772c82660000 r--p 00000000 07:0d 189                        /snap/code/213/usr/lib/locale/aa_DJ.utf8/LC_CTYPE
772c82660000-772c82a28000 rw-p 00000000 00:00 0 
772c82a28000-772c82b29000 rw-p 00000000 00:00 0 
772c82b29000-772c82dd3000 rw-p 00000000 00:00 0 
772c82dd3000-772c82e92000 rw-p 00000000 00:00 0 
772c82e92000-772c82f2a000 ---p 00000000 00:00 0 
772c82f2a000-772c82f32000 rw-p 00000000 00:00 0 
772c82f32000-772c83015000 ---p 00000000 00:00 0 
772c83015000-772c83029000 rw-p 00000000 00:00 0 
772c83029000-772c83100000 ---p 00000000 00:00 0 
772c83100000-772c83104000 ---p 00000000 00:00 0 
772c83104000-772c83200000 rw-p 00000000 00:00 0 
772c83200000-772c832a2000 r--p 00000000 103:02 12601439                  /usr/lib/x86_64-linux-gnu/libstdc++.so.6.0.34
772c832a2000-772c833ef000 r-xp 000a2000 103:02 12601439                  /usr/lib/x86_64-linux-gnu/libstdc++.so.6.0.34
772c833ef000-772c83477000 r--p 001ef000 103:02 12601439                  /usr/lib/x86_64-linux-gnu/libstdc++.so.6.0.34
772c83477000-772c83486000 r--p 00276000 103:02 12601439                  /usr/lib/x86_64-linux-gnu/libstdc++.so.6.0.34
772c83486000-772c83489000 rw-p 00285000 103:02 12601439                  /usr/lib/x86_64-linux-gnu/libstdc++.so.6.0.34
772c83489000-772c8348d000 rw-p 00000000 00:00 0 
772c8348d000-772c83490000 r--p 00000000 103:02 12977609                  /usr/lib/jvm/java-21-openjdk-amd64/lib/libnet.so
772c83490000-772c83498000 r-xp 00003000 103:02 12977609                  /usr/lib/jvm/java-21-openjdk-amd64/lib/libnet.so
772c83498000-772c8349a000 r--p 0000b000 103:02 12977609                  /usr/lib/jvm/java-21-openjdk-amd64/lib/libnet.so
772c8349a000-772c8349b000 r--p 0000c000 103:02 12977609                  /usr/lib/jvm/java-21-openjdk-amd64/lib/libnet.so
772c8349b000-772c8349c000 rw-p 0000d000 103:02 12977609                  /usr/lib/jvm/java-21-openjdk-amd64/lib/libnet.so
772c8349c000-772c8349e000 r--p 00000000 103:02 12977617                  /usr/lib/jvm/java-21-openjdk-amd64/lib/libzip.so
772c8349e000-772c834a3000 r-xp 00002000 103:02 12977617                  /usr/lib/jvm/java-21-openjdk-amd64/lib/libzip.so
772c834a3000-772c834a5000 r--p 00007000 103:02 12977617                  /usr/lib/jvm/java-21-openjdk-amd64/lib/libzip.so
772c834a5000-772c834a6000 r--p 00008000 103:02 12977617                  /usr/lib/jvm/java-21-openjdk-amd64/lib/libzip.so
772c834a6000-772c834a7000 rw-p 00009000 103:02 12977617                  /usr/lib/jvm/java-21-openjdk-amd64/lib/libzip.so
772c834a7000-772c834cf000 rw-p 00000000 00:00 0 
772c834cf000-772c834dc000 r--p 00000000 103:02 12976609                  /usr/lib/jvm/java-21-openjdk-amd64/lib/libjava.so
772c834dc000-772c834eb000 r-xp 0000d000 103:02 12976609                  /usr/lib/jvm/java-21-openjdk-amd64/lib/libjava.so
772c834eb000-772c834f0000 r--p 0001c000 103:02 12976609                  /usr/lib/jvm/java-21-openjdk-amd64/lib/libjava.so
772c834f0000-772c834f1000 r--p 00021000 103:02 12976609                  /usr/lib/jvm/java-21-openjdk-amd64/lib/libjava.so
772c834f1000-772c834f2000 rw-p 00022000 103:02 12976609                  /usr/lib/jvm/java-21-openjdk-amd64/lib/libjava.so
772c834f2000-772c834f3000 rw-p 00000000 00:00 0 
772c834f3000-772c83504000 r--p 00000000 103:02 12618910                  /usr/lib/x86_64-linux-gnu/libm.so.6
772c83504000-772c8358f000 r-xp 00011000 103:02 12618910                  /usr/lib/x86_64-linux-gnu/libm.so.6
772c8358f000-772c835fe000 r--p 0009c000 103:02 12618910                  /usr/lib/x86_64-linux-gnu/libm.so.6
772c835fe000-772c835ff000 r--p 0010a000 103:02 12618910                  /usr/lib/x86_64-linux-gnu/libm.so.6
772c835ff000-772c83600000 rw-p 0010b000 103:02 12618910                  /usr/lib/x86_64-linux-gnu/libm.so.6
772c83600000-772c838aa000 r--p 00000000 103:02 12977713                  /usr/lib/jvm/java-21-openjdk-amd64/lib/server/libjvm.so
772c838aa000-772c84790000 r-xp 002aa000 103:02 12977713                  /usr/lib/jvm/java-21-openjdk-amd64/lib/server/libjvm.so
772c84790000-772c84a63000 r--p 01190000 103:02 12977713                  /usr/lib/jvm/java-21-openjdk-amd64/lib/server/libjvm.so
772c84a63000-772c84b39000 r--p 01463000 103:02 12977713                  /usr/lib/jvm/java-21-openjdk-amd64/lib/server/libjvm.so
772c84b39000-772c84b69000 rw-p 01539000 103:02 12977713                  /usr/lib/jvm/java-21-openjdk-amd64/lib/server/libjvm.so
772c84b69000-772c84bcf000 rw-p 00000000 00:00 0 
772c84bd3000-772c84bd7000 r--p 00000000 103:02 12583981                  /usr/lib/x86_64-linux-gnu/libgcc_s.so.1
772c84bd7000-772c84bfa000 r-xp 00004000 103:02 12583981                  /usr/lib/x86_64-linux-gnu/libgcc_s.so.1
772c84bfa000-772c84bfe000 r--p 00027000 103:02 12583981                  /usr/lib/x86_64-linux-gnu/libgcc_s.so.1
772c84bfe000-772c84bff000 r--p 0002a000 103:02 12583981                  /usr/lib/x86_64-linux-gnu/libgcc_s.so.1
772c84bff000-772c84c00000 rw-p 0002b000 103:02 12583981                  /usr/lib/x86_64-linux-gnu/libgcc_s.so.1
772c84c00000-772c84c28000 r--p 00000000 103:02 12618903                  /usr/lib/x86_64-linux-gnu/libc.so.6
772c84c28000-772c84dc1000 r-xp 00028000 103:02 12618903                  /usr/lib/x86_64-linux-gnu/libc.so.6
772c84dc1000-772c84e30000 r--p 001c1000 103:02 12618903                  /usr/lib/x86_64-linux-gnu/libc.so.6
772c84e30000-772c84e34000 r--p 0022f000 103:02 12618903                  /usr/lib/x86_64-linux-gnu/libc.so.6
772c84e34000-772c84e36000 rw-p 00233000 103:02 12618903                  /usr/lib/x86_64-linux-gnu/libc.so.6
772c84e36000-772c84e43000 rw-p 00000000 00:00 0 
772c84e46000-772c84e47000 r--p 00000000 07:0d 1190                       /snap/code/213/usr/lib/locale/br_FR.utf8/LC_NUMERIC
772c84e47000-772c84e48000 r--p 00000000 07:0d 3433                       /snap/code/213/usr/lib/locale/fr_FR.utf8/LC_TIME
772c84e48000-772c84e49000 r--p 00000000 07:0d 1188                       /snap/code/213/usr/lib/locale/br_FR.utf8/LC_MONETARY
772c84e49000-772c84e50000 r--s 00000000 103:02 12618871                  /usr/lib/x86_64-linux-gnu/gconv/gconv-modules.cache
772c84e50000-772c84e55000 rw-p 00000000 00:00 0 
772c84e55000-772c84e5c000 ---p 00000000 00:00 0 
772c84e5c000-772c84e5e000 rw-p 00000000 00:00 0 
772c84e5e000-772c84e60000 r--p 00000000 103:02 12976641                  /usr/lib/jvm/java-21-openjdk-amd64/lib/libjli.so
772c84e60000-772c84e6a000 r-xp 00002000 103:02 12976641                  /usr/lib/jvm/java-21-openjdk-amd64/lib/libjli.so
772c84e6a000-772c84e6d000 r--p 0000c000 103:02 12976641                  /usr/lib/jvm/java-21-openjdk-amd64/lib/libjli.so
772c84e6d000-772c84e6e000 r--p 0000f000 103:02 12976641                  /usr/lib/jvm/java-21-openjdk-amd64/lib/libjli.so
772c84e6e000-772c84e6f000 rw-p 00010000 103:02 12976641                  /usr/lib/jvm/java-21-openjdk-amd64/lib/libjli.so
772c84e6f000-772c84e72000 r--p 00000000 103:02 12596985                  /usr/lib/x86_64-linux-gnu/libz.so.1.3.1
772c84e72000-772c84e85000 r-xp 00003000 103:02 12596985                  /usr/lib/x86_64-linux-gnu/libz.so.1.3.1
772c84e85000-772c84e8d000 r--p 00016000 103:02 12596985                  /usr/lib/x86_64-linux-gnu/libz.so.1.3.1
772c84e8d000-772c84e8e000 r--p 0001d000 103:02 12596985                  /usr/lib/x86_64-linux-gnu/libz.so.1.3.1
772c84e8e000-772c84e8f000 rw-p 0001e000 103:02 12596985                  /usr/lib/x86_64-linux-gnu/libz.so.1.3.1
772c84e8f000-772c84e90000 r--p 00000000 07:0d 3371                       /snap/code/213/usr/lib/locale/fr_CA.utf8/LC_MESSAGES/SYS_LC_MESSAGES
772c84e90000-772c84e91000 r--p 00000000 07:0d 197                        /snap/code/213/usr/lib/locale/aa_DJ.utf8/LC_PAPER
772c84e91000-772c84e92000 r--p 00000000 07:0d 1189                       /snap/code/213/usr/lib/locale/br_FR.utf8/LC_NAME
772c84e92000-772c84e93000 r--p 00000000 07:0d 3169                       /snap/code/213/usr/lib/locale/eu_FR.utf8/LC_ADDRESS
772c84e93000-772c84e94000 r--p 00000000 07:0d 1192                       /snap/code/213/usr/lib/locale/br_FR.utf8/LC_TELEPHONE
772c84e94000-772c84e95000 r--p 00000000 07:0d 191                        /snap/code/213/usr/lib/locale/aa_DJ.utf8/LC_MEASUREMENT
772c84e95000-772c84e96000 r--p 00000000 07:0d 3424                       /snap/code/213/usr/lib/locale/fr_FR.utf8/LC_IDENTIFICATION
772c84e96000-772c84e9e000 rw-s 00000000 00:2f 837                        /tmp/hsperfdata_la-mus/13626
772c84e9e000-772c84ea0000 r--p 00000000 103:02 12976597                  /usr/lib/jvm/java-21-openjdk-amd64/lib/libinstrument.so
772c84ea0000-772c84ea7000 r-xp 00002000 103:02 12976597                  /usr/lib/jvm/java-21-openjdk-amd64/lib/libinstrument.so
772c84ea7000-772c84eaa000 r--p 00009000 103:02 12976597                  /usr/lib/jvm/java-21-openjdk-amd64/lib/libinstrument.so
772c84eaa000-772c84eab000 r--p 0000b000 103:02 12976597                  /usr/lib/jvm/java-21-openjdk-amd64/lib/libinstrument.so
772c84eab000-772c84eac000 rw-p 0000c000 103:02 12976597                  /usr/lib/jvm/java-21-openjdk-amd64/lib/libinstrument.so
772c84eac000-772c84ead000 ---p 00000000 00:00 0 
772c84ead000-772c84eae000 r--p 00000000 00:00 0 
772c84eae000-772c84eaf000 ---p 00000000 00:00 0 
772c84eaf000-772c84eb1000 r--p 00000000 103:02 12976640                  /usr/lib/jvm/java-21-openjdk-amd64/lib/libjimage.so
772c84eb1000-772c84eb4000 r-xp 00002000 103:02 12976640                  /usr/lib/jvm/java-21-openjdk-amd64/lib/libjimage.so
772c84eb4000-772c84eb5000 r--p 00005000 103:02 12976640                  /usr/lib/jvm/java-21-openjdk-amd64/lib/libjimage.so
772c84eb5000-772c84eb6000 r--p 00006000 103:02 12976640                  /usr/lib/jvm/java-21-openjdk-amd64/lib/libjimage.so
772c84eb6000-772c84eb7000 rw-p 00007000 103:02 12976640                  /usr/lib/jvm/java-21-openjdk-amd64/lib/libjimage.so
772c84eb7000-772c84eb9000 rw-p 00000000 00:00 0 
772c84eb9000-772c84ebd000 r--p 00000000 00:00 0                          [vvar]
772c84ebd000-772c84ebf000 r--p 00000000 00:00 0                          [vvar_vclock]
772c84ebf000-772c84ec1000 r-xp 00000000 00:00 0                          [vdso]
772c84ec1000-772c84ec2000 r--p 00000000 103:02 12618897                  /usr/lib/x86_64-linux-gnu/ld-linux-x86-64.so.2
772c84ec2000-772c84ef0000 r-xp 00001000 103:02 12618897                  /usr/lib/x86_64-linux-gnu/ld-linux-x86-64.so.2
772c84ef0000-772c84efe000 r--p 0002f000 103:02 12618897                  /usr/lib/x86_64-linux-gnu/ld-linux-x86-64.so.2
772c84efe000-772c84f00000 r--p 0003d000 103:02 12618897                  /usr/lib/x86_64-linux-gnu/ld-linux-x86-64.so.2
772c84f00000-772c84f01000 rw-p 0003f000 103:02 12618897                  /usr/lib/x86_64-linux-gnu/ld-linux-x86-64.so.2
772c84f01000-772c84f02000 rw-p 00000000 00:00 0 
7ffc0a6ee000-7ffc0a710000 rw-p 00000000 00:00 0                          [stack]
ffffffffff600000-ffffffffff601000 --xp 00000000 00:00 0                  [vsyscall]
Total number of mappings: 330

JVMTI agents:
/home/la-mus/.vscode/extensions/redhat.java-1.48.0/lombok/lombok-1.18.39-4050.jar path:none, loaded, initialized, instrumentlib options:none


VM Arguments:
jvm_args: --add-modules=ALL-SYSTEM --add-opens=java.base/java.util=ALL-UNNAMED --add-opens=java.base/java.lang=ALL-UNNAMED --add-opens=java.base/sun.nio.fs=ALL-UNNAMED -Declipse.application=org.eclipse.jdt.ls.core.id1 -Dosgi.bundles.defaultStartLevel=4 -Declipse.product=org.eclipse.jdt.ls.core.product -Djava.import.generatesMetadataFilesAtProjectRoot=false -DDetectVMInstallationsJob.disabled=true -Dfile.encoding=utf8 -XX:+UseParallelGC -XX:GCTimeRatio=4 -XX:AdaptiveSizePolicyWeight=90 -Dsun.zip.disableMemoryMapping=true -Xmx2G -Xms100m -Xlog:disable -javaagent:/home/la-mus/.vscode/extensions/redhat.java-1.48.0/lombok/lombok-1.18.39-4050.jar 
java_command: /home/la-mus/.vscode/extensions/redhat.java-1.48.0/server/plugins/org.eclipse.equinox.launcher_1.7.100.v20251111-0406.jar -configuration /home/la-mus/.config/Code/User/globalStorage/redhat.java/1.48.0/config_ss_linux -data /home/la-mus/.config/Code/User/workspaceStorage/a9ea93428e0f6cd9eb3102bdcc4ff231/redhat.java/ss_ws --pipe=/run/user/1000/lsp-3dc64d8b41b2f9d0644376d979d5bd97.sock
java_class_path (initial): /home/la-mus/.vscode/extensions/redhat.java-1.48.0/server/plugins/org.eclipse.equinox.launcher_1.7.100.v20251111-0406.jar
Launcher Type: SUN_STANDARD

[Global flags]
    uintx AdaptiveSizePolicyWeight                 = 90                                        {product} {command line}
     intx CICompilerCount                          = 4                                         {product} {ergonomic}
    uintx GCTimeRatio                              = 4                                         {product} {command line}
   size_t InitialHeapSize                          = 104857600                                 {product} {command line}
   size_t MaxHeapSize                              = 2147483648                                {product} {command line}
   size_t MaxNewSize                               = 715653120                                 {product} {ergonomic}
   size_t MinHeapDeltaBytes                        = 524288                                    {product} {ergonomic}
   size_t MinHeapSize                              = 104857600                                 {product} {command line}
   size_t NewSize                                  = 34603008                                  {product} {ergonomic}
    uintx NonNMethodCodeHeapSize                   = 5839372                                {pd product} {ergonomic}
    uintx NonProfiledCodeHeapSize                  = 122909434                              {pd product} {ergonomic}
   size_t OldSize                                  = 70254592                                  {product} {ergonomic}
    uintx ProfiledCodeHeapSize                     = 122909434                              {pd product} {ergonomic}
    uintx ReservedCodeCacheSize                    = 251658240                              {pd product} {ergonomic}
     bool SegmentedCodeCache                       = true                                      {product} {ergonomic}
   size_t SoftMaxHeapSize                          = 2147483648                             {manageable} {ergonomic}
     bool UseCompressedOops                        = true                           {product lp64_product} {ergonomic}
     bool UseParallelGC                            = true                                      {product} {command line}

Logging:
Log output configuration:
 #0: stdout all=off uptime,level,tags foldmultilines=false
 #1: stderr all=off uptime,level,tags foldmultilines=false

Release file:
IMPLEMENTOR="Ubuntu"
JAVA_RUNTIME_VERSION="21.0.9-ea+8-Ubuntu-1"
JAVA_VERSION="21.0.9"
JAVA_VERSION_DATE="2025-10-21"
LIBC="gnu"
MODULES="java.base java.compiler java.datatransfer java.xml java.prefs java.desktop java.instrument java.logging java.management java.security.sasl java.naming java.rmi java.management.rmi java.net.http java.scripting java.security.jgss java.transaction.xa java.sql java.sql.rowset java.xml.crypto java.se java.smartcardio jdk.accessibility jdk.internal.jvmstat jdk.attach jdk.charsets jdk.internal.opt jdk.zipfs jdk.compiler jdk.crypto.ec jdk.crypto.cryptoki jdk.dynalink jdk.internal.ed jdk.editpad jdk.hotspot.agent jdk.httpserver jdk.incubator.vector jdk.internal.le jdk.internal.vm.ci jdk.internal.vm.compiler jdk.internal.vm.compiler.management jdk.jartool jdk.javadoc jdk.jcmd jdk.management jdk.management.agent jdk.jconsole jdk.jdeps jdk.jdwp.agent jdk.jdi jdk.jfr jdk.jlink jdk.jpackage jdk.jshell jdk.jsobject jdk.jstatd jdk.localedata jdk.management.jfr jdk.naming.dns jdk.naming.rmi jdk.net jdk.nio.mapmode jdk.random jdk.sctp jdk.security.auth jdk.security.jgss jdk.unsupported jdk.unsupported.desktop jdk.xml.dom"
OS_ARCH="x86_64"
OS_NAME="Linux"
SOURCE=""

Environment Variables:
PATH=/usr/local/sbin:/usr/local/bin:/usr/sbin:/usr/bin:/sbin:/bin:/usr/games:/usr/local/games:/snap/bin:/snap/bin
USERNAME=la-mus
SHELL=/bin/bash
DISPLAY=:0
LANG=fr_FR.UTF-8
LC_NUMERIC=fr_FR.UTF-8
LC_TIME=fr_FR.UTF-8
TERM=xterm-256color

Active Locale:
LC_ALL=fr_FR.UTF-8
LC_COLLATE=fr_FR.UTF-8
LC_CTYPE=fr_FR.UTF-8
LC_MESSAGES=fr_FR.UTF-8
LC_MONETARY=fr_FR.UTF-8
LC_NUMERIC=fr_FR.UTF-8
LC_TIME=fr_FR.UTF-8

Signal Handlers:
   SIGSEGV: crash_handler in libjvm.so, mask=11100100010111111101111111111110, flags=SA_RESTART|SA_SIGINFO, unblocked
    SIGBUS: crash_handler in libjvm.so, mask=11100100010111111101111111111110, flags=SA_RESTART|SA_SIGINFO, unblocked
    SIGFPE: crash_handler in libjvm.so, mask=11100100010111111101111111111110, flags=SA_RESTART|SA_SIGINFO, unblocked
   SIGPIPE: javaSignalHandler in libjvm.so, mask=11100100010111111101111111111110, flags=SA_RESTART|SA_SIGINFO, blocked
   SIGXFSZ: javaSignalHandler in libjvm.so, mask=11100100010111111101111111111110, flags=SA_RESTART|SA_SIGINFO, blocked
    SIGILL: crash_handler in libjvm.so, mask=11100100010111111101111111111110, flags=SA_RESTART|SA_SIGINFO, unblocked
   SIGUSR2: SR_handler in libjvm.so, mask=00000000000000000000000000000000, flags=SA_RESTART|SA_SIGINFO, blocked
    SIGHUP: UserHandler in libjvm.so, mask=11100100010111111101111111111110, flags=SA_RESTART|SA_SIGINFO, blocked
    SIGINT: UserHandler in libjvm.so, mask=11100100010111111101111111111110, flags=SA_RESTART|SA_SIGINFO, blocked
   SIGTERM: UserHandler in libjvm.so, mask=11100100010111111101111111111110, flags=SA_RESTART|SA_SIGINFO, blocked
   SIGQUIT: UserHandler in libjvm.so, mask=11100100010111111101111111111110, flags=SA_RESTART|SA_SIGINFO, blocked
   SIGTRAP: crash_handler in libjvm.so, mask=11100100010111111101111111111110, flags=SA_RESTART|SA_SIGINFO, unblocked


Periodic native trim disabled

---------------  S Y S T E M  ---------------

OS:
DISTRIB_ID=Ubuntu
DISTRIB_RELEASE=25.10
DISTRIB_CODENAME=questing
DISTRIB_DESCRIPTION="Ubuntu 25.10"
uname: Linux 6.17.0-6-generic #6-Ubuntu SMP PREEMPT_DYNAMIC Tue Oct  7 13:34:17 UTC 2025 x86_64
OS uptime: 0 days 9:10 hours
libc: glibc 2.42 NPTL 2.42 
rlimit (soft/hard): STACK 8192k/infinity , CORE 0k/infinity , NPROC 60275/60275 , NOFILE 524288/524288 , AS infinity/infinity , CPU infinity/infinity , DATA infinity/infinity , FSIZE infinity/infinity , MEMLOCK 8192k/8192k
load average: 44,80 44,40 40,25

/proc/meminfo:
MemTotal:       15653408 kB
MemFree:          871616 kB
MemAvailable:    4785692 kB
Buffers:          481156 kB
Cached:          3518124 kB
SwapCached:        78580 kB
Active:          6893904 kB
Inactive:        5427488 kB
Active(anon):    4989140 kB
Inactive(anon):  4218396 kB
Active(file):    1904764 kB
Inactive(file):  1209092 kB
Unevictable:      243360 kB
Mlocked:             128 kB
SwapTotal:       4194300 kB
SwapFree:         581320 kB
Zswap:                 0 kB
Zswapped:              0 kB
Dirty:              1284 kB
Writeback:             0 kB
AnonPages:       8488648 kB
Mapped:          1026508 kB
Shmem:            888668 kB
KReclaimable:    1162404 kB
Slab:            1851036 kB
SReclaimable:    1162404 kB
SUnreclaim:       688632 kB
KernelStack:       28912 kB
PageTables:       106764 kB
SecPageTables:      5844 kB
NFS_Unstable:          0 kB
Bounce:                0 kB
WritebackTmp:          0 kB
CommitLimit:    12021004 kB
Committed_AS:   41043664 kB
VmallocTotal:   34359738367 kB
VmallocUsed:       87596 kB
VmallocChunk:          0 kB
Percpu:            10720 kB
HardwareCorrupted:     0 kB
AnonHugePages:         0 kB
ShmemHugePages:   247808 kB
ShmemPmdMapped:        0 kB
FileHugePages:     55296 kB
FilePmdMapped:         0 kB
CmaTotal:              0 kB
CmaFree:               0 kB
Unaccepted:            0 kB
Balloon:               0 kB
HugePages_Total:       0
HugePages_Free:        0
HugePages_Rsvd:        0
HugePages_Surp:        0
Hugepagesize:       2048 kB
Hugetlb:               0 kB
DirectMap4k:      291444 kB
DirectMap2M:     6850560 kB
DirectMap1G:     9437184 kB

/sys/kernel/mm/transparent_hugepage/enabled: always [madvise] never
/sys/kernel/mm/transparent_hugepage/hpage_pmd_size: 2097152
/sys/kernel/mm/transparent_hugepage/defrag (defrag/compaction efforts parameter): always defer defer+madvise [madvise] never

Process Memory:
Virtual Size: 6348128K (peak: 6348128K)
Resident Set Size: 1981784K (peak: 1981784K) (anon: 1964964K, file: 16788K, shmem: 32K)
Swapped out: 16324K
C-Heap outstanding allocations: 49277K, retained: 43326K
glibc malloc tunables: (default)

/proc/sys/kernel/threads-max (system-wide limit on the number of threads): 120551
/proc/sys/vm/max_map_count (maximum number of memory map areas a process may have): 1048576
/proc/sys/vm/swappiness (control to define how aggressively the kernel swaps out anonymous memory): 60
/proc/sys/kernel/pid_max (system-wide limit on number of process identifiers): 4194304

container information not found.
Steal ticks since vm start: 0
Steal ticks percentage since vm start:  0,000

CPU: total 8 (initial active 8) (4 cores per cpu, 2 threads per core) family 6 model 142 stepping 12 microcode 0x100, cx8, cmov, fxsr, ht, mmx, 3dnowpref, sse, sse2, sse3, ssse3, sse4.1, sse4.2, popcnt, lzcnt, tsc, tscinvbit, avx, avx2, aes, erms, clmul, bmi1, bmi2, rtm, adx, fma, vzeroupper, clflush, clflushopt, rdtscp, f16c
CPU Model and flags from /proc/cpuinfo:
model name	: Intel(R) Core(TM) i5-8365U CPU @ 1.60GHz
flags		: fpu vme de pse tsc msr pae mce cx8 apic sep mtrr pge mca cmov pat pse36 clflush dts acpi mmx fxsr sse sse2 ss ht tm pbe syscall nx pdpe1gb rdtscp lm constant_tsc art arch_perfmon pebs bts rep_good nopl xtopology nonstop_tsc cpuid aperfmperf pni pclmulqdq dtes64 monitor ds_cpl vmx smx est tm2 ssse3 sdbg fma cx16 xtpr pdcm pcid sse4_1 sse4_2 x2apic movbe popcnt tsc_deadline_timer aes xsave avx f16c rdrand lahf_lm abm 3dnowprefetch cpuid_fault epb ssbd ibrs ibpb stibp ibrs_enhanced tpr_shadow flexpriority ept vpid ept_ad fsgsbase tsc_adjust bmi1 avx2 smep bmi2 erms invpcid mpx rdseed adx smap clflushopt intel_pt xsaveopt xsavec xgetbv1 xsaves dtherm ida arat pln pts hwp hwp_notify hwp_act_window hwp_epp vnmi md_clear flush_l1d arch_capabilities

Online cpus: 0-7
Offline cpus: 
BIOS frequency limitation: <Not Available>
Frequency switch latency (ns): 0
Available cpu frequencies: <Not Available>
Current governor: powersave
Core performance/turbo boost: <Not Available>

Memory: 4k page, physical 15653408k(4785692k free), swap 4194300k(581368k free)
Page Sizes: 4k

vm_info: OpenJDK 64-Bit Server VM (21.0.9-ea+8-Ubuntu-1) for linux-amd64 JRE (21.0.9-ea+8-Ubuntu-1), built on 2025-09-27T11:52:21Z by "buildd" with gcc 15.2.0

END.
